
======================================================================
[FLUMART] Starting download of 21 entity sets
[FLUMART] Scope: all | Page size: 5000 | Skip existing: False
[FLUMART] Entity timeout: 1800s
[FLUMART] Started at: 2026-04-07T08:42:01.662979+00:00
======================================================================

[flumart] [1/21] DAT_FMT_DATE ...
[flumart] [1/21] DAT_FMT_DATE -> downloaded | 3,442 rows | 1 chunks | 4.8s | cumulative: 3,442 rows
[flumart] [2/21] DAT_WKL_UPDATE ...
[flumart] [2/21] DAT_WKL_UPDATE -> downloaded | 46 rows | 1 chunks | 3.6s | cumulative: 3,488 rows
[flumart] [3/21] REF_FLU_CONF_LEVEL ...
[flumart] [3/21] REF_FLU_CONF_LEVEL -> downloaded | 3 rows | 1 chunks | 2.5s | cumulative: 3,491 rows
[flumart] [4/21] REF_FLU_COUNTRY ...
[flumart] [4/21] REF_FLU_COUNTRY -> downloaded | 259 rows | 1 chunks | 2.3s | cumulative: 3,750 rows
[flumart] [5/21] REF_FLU_DATE ...
[flumart] [5/21] REF_FLU_DATE -> downloaded | 12,790 rows | 1 chunks | 16.7s | cumulative: 16,540 rows
[flumart] [6/21] REF_FLU_HEMISPHERE ...
[flumart] [6/21] REF_FLU_HEMISPHERE -> downloaded | 2 rows | 1 chunks | 2.0s | cumulative: 16,542 rows
[flumart] [7/21] REF_FLU_IEZ ...
[flumart] [7/21] REF_FLU_IEZ -> downloaded | 5 rows | 1 chunks | 2.3s | cumulative: 16,547 rows
[flumart] [8/21] REF_FLU_ITZ ...
[flumart] [8/21] REF_FLU_ITZ -> downloaded | 18 rows | 1 chunks | 0.9s | cumulative: 16,565 rows
[flumart] [9/21] REF_FLU_SEASON ...
[flumart] [9/21] REF_FLU_SEASON -> downloaded | 3 rows | 1 chunks | 0.9s | cumulative: 16,568 rows
[flumart] [10/21] REF_FLU_UN_REGION ...
[flumart] [10/21] REF_FLU_UN_REGION -> downloaded | 5 rows | 1 chunks | 0.7s | cumulative: 16,573 rows
[flumart] [11/21] REF_FNT_WEEKLY_UPDATE_METADATA ...
[flumart] [11/21] REF_FNT_WEEKLY_UPDATE_METADATA -> downloaded | 253 rows | 1 chunks | 5.4s | cumulative: 16,826 rows
[flumart] [12/21] REF_WEEKLY_UPDATE_SUMMARY ...
[flumart] [12/21] REF_WEEKLY_UPDATE_SUMMARY -> downloaded | 4 rows | 1 chunks | 4.9s | cumulative: 16,830 rows
[flumart] [13/21] VIW_FID_EPI ...
[flumart] [13/21] VIW_FID_EPI -> ERROR (1164.8s): 500 Server Error: Internal Server Error for url: https://xmart-api-public.who.int/FLUMART/VIW_FID_EPI?%24top=5000&%24skip=20000
[flumart] [14/21] VIW_FID_SHINY ...
[flumart] [14/21] VIW_FID_SHINY -> ERROR (988.8s): HTTPSConnectionPool(host='xmart-api-public.who.int', port=443): Max retries exceeded with url: /FLUMART/VIW_FID_SHINY?%24top=5000&%24skip=0 (Caused by ReadTimeoutError("HTTPSConnectionPool(host='xmart-api-public.who.int', port=443): Read timed out. (read timeout=180)"))
[flumart] [15/21] VIW_FLU_METADATA ...
[flumart] [15/21] VIW_FLU_METADATA -> downloaded | 90 rows | 1 chunks | 12.7s | cumulative: 16,920 rows
[flumart] [16/21] VIW_FNT ...
[flumart] [16/21] VIW_FNT -> TIMEOUT (2366.9s > 1800s limit)
[flumart] [17/21] VIW_FNT_DATADOT ...
[flumart] [17/21] VIW_FNT_DATADOT -> downloaded | 190,028 rows | 4 chunks | 189.4s | cumulative: 206,948 rows
[flumart] [18/21] VIW_FNT_SHINY ...
[flumart] [18/21] VIW_FNT_SHINY -> downloaded | 182,798 rows | 4 chunks | 1028.8s | cumulative: 389,746 rows
[flumart] [19/21] VIW_FNT_SHINY_ALL ...
[flumart] [19/21] VIW_FNT_SHINY_ALL -> downloaded | 190,700 rows | 4 chunks | 1365.1s | cumulative: 580,446 rows
[flumart] [20/21] VIW_FNT_SHINY_TOTAL ...
[flumart] [20/21] VIW_FNT_SHINY_TOTAL -> downloaded | 143,706 rows | 3 chunks | 394.0s | cumulative: 724,152 rows
[flumart] [21/21] VIW_REF_FLU_DATE_BYWEEK ...
[flumart] [21/21] VIW_REF_FLU_DATE_BYWEEK -> downloaded | 1,631 rows | 1 chunks | 1.3s | cumulative: 725,783 rows

======================================================================
[FLUMART] COMPLETE
  Downloaded: 18 entity sets (725,783 rows)
  Skipped:    0
  Errors:     3
  Duration:   126.0 minutes
  Manifest:   C:\Projects\who-data-lakehouse\manifests\xmart_bulk_flumart_20260407T104800Z.json
======================================================================


======================================================================
ALL SERVICES COMPLETE
  flumart: 18 downloaded, 3 errors, 725,783 rows, 126.0 min
======================================================================
C:\Projects\who-data-lakehouse\src\who_data_lakehouse\sources\xmart.py:278: FutureWarning: The behavior of DataFrame concatenation with empty or all-NA entries is deprecated. In a future version, this will no longer exclude empty or all-NA columns when determining the result dtypes. To retain the old behavior, exclude the relevant entries before the concat operation.
  chunk = pd.concat(frames, ignore_index=True)
