[xmart/mncah] 80 entity sets to process (scope=all)
[xmart/mncah] [1/80] BD_EUROCAT ...
[xmart/mncah] [1/80] BD_EUROCAT -> downloaded (2484 rows, 1 chunks)
[xmart/mncah] [2/80] BD_FACT ...
[xmart/mncah] [2/80] BD_FACT -> downloaded (0 rows, 0 chunks)
[xmart/mncah] [3/80] BD_STUDY ...
[xmart/mncah] [3/80] BD_STUDY -> downloaded (0 rows, 0 chunks)
[xmart/mncah] [4/80] EXPORT_DIM_PER_IND_TABLE ...
[xmart/mncah] [4/80] EXPORT_DIM_PER_IND_TABLE -> downloaded (2510 rows, 1 chunks)
[xmart/mncah] [5/80] EXPORT_DIM_PER_IND_VIEW ...
[xmart/mncah] [5/80] EXPORT_DIM_PER_IND_VIEW -> ERROR: 500 Server Error: Internal Server Error for url: https://xmart-api-public.who.int/mncah/EXPORT_DIM_PER_IND_VIEW?%24top=5000&%24skip=0
[xmart/mncah] [6/80] EXPORT_DIM_VALUES_TABLE ...
[xmart/mncah] [6/80] EXPORT_DIM_VALUES_TABLE -> downloaded (56776 rows, 2 chunks)
[xmart/mncah] [7/80] EXPORT_DIM_VALUES_VIEW ...
[xmart/mncah] [7/80] EXPORT_DIM_VALUES_VIEW -> ERROR: 500 Server Error: Internal Server Error for url: https://xmart-api-public.who.int/mncah/EXPORT_DIM_VALUES_VIEW?%24top=5000&%24skip=0
[xmart/mncah] [8/80] EXPORT_FACTFIELD_PER_IND_TABLE ...
[xmart/mncah] [8/80] EXPORT_FACTFIELD_PER_IND_TABLE -> downloaded (651 rows, 1 chunks)
[xmart/mncah] [9/80] EXPORT_FACTFIELD_PER_IND_VIEW ...
[xmart/mncah] [9/80] EXPORT_FACTFIELD_PER_IND_VIEW -> ERROR: HTTPSConnectionPool(host='xmart-api-public.who.int', port=443): Max retries exceeded with url: /mncah/EXPORT_FACTFIELD_PER_IND_VIEW?%24top=5000&%24skip=0 (Caused by ReadTimeoutError("HTTPSConnectionPool(host='xmart-api-public.who.int', port=443): Read timed out. (read timeout=180)"))
[xmart/mncah] [10/80] EXPORT_FACT_DATA_MCA_TABLE ...
[xmart/mncah] [10/80] EXPORT_FACT_DATA_MCA_TABLE -> ERROR: Expecting ',' delimiter: line 1 column 7798955 (char 7798954)
[xmart/mncah] [11/80] EXPORT_FACT_DATA_MCA_VIEW ...
[xmart/mncah] [11/80] EXPORT_FACT_DATA_MCA_VIEW -> ERROR: Expecting value: line 1 column 2 (char 1)
[xmart/mncah] [12/80] FACT_DATA_GPW ...
[xmart/mncah] [12/80] FACT_DATA_GPW -> downloaded (8 rows, 1 chunks)
[xmart/mncah] [13/80] FACT_DATA_MCA ...
[xmart/mncah] [13/80] FACT_DATA_MCA -> ERROR: HTTPSConnectionPool(host='xmart-api-public.who.int', port=443): Max retries exceeded with url: /mncah/FACT_DATA_MCA?%24top=5000&%24skip=15000 (Caused by ReadTimeoutError("HTTPSConnectionPool(host='xmart-api-public.who.int', port=443): Read timed out. (read timeout=180)"))
[xmart/mncah] [14/80] FACT_DATA_MCA_DIMENSIONS_NOTNULL_Table ...
[xmart/mncah] [14/80] FACT_DATA_MCA_DIMENSIONS_NOTNULL_Table -> downloaded (0 rows, 0 chunks)
[xmart/mncah] [15/80] FACT_DATA_MCA_TABLE ...
[xmart/mncah] [15/80] FACT_DATA_MCA_TABLE -> ERROR: Expecting value: line 1 column 1 (char 0)
[xmart/mncah] [16/80] MCA_FACT_DATA ...
  [MCA_FACT_DATA] 500,000 rows fetched (100 pages) ...
  [MCA_FACT_DATA] 1,000,000 rows fetched (200 pages) ...
  [MCA_FACT_DATA] 1,500,000 rows fetched (300 pages) ...
C:\Projects\who-data-lakehouse\src\who_data_lakehouse\sources\xmart.py:254: FutureWarning: The behavior of DataFrame concatenation with empty or all-NA entries is deprecated. In a future version, this will no longer exclude empty or all-NA columns when determining the result dtypes. To retain the old behavior, exclude the relevant entries before the concat operation.
  "entity_set": entity_set,
  [MCA_FACT_DATA] 2,000,000 rows fetched (400 pages) ...
  [MCA_FACT_DATA] 2,500,000 rows fetched (500 pages) ...
  [MCA_FACT_DATA] 3,000,000 rows fetched (600 pages) ...
  [MCA_FACT_DATA] 3,500,000 rows fetched (700 pages) ...
  [MCA_FACT_DATA] 4,000,000 rows fetched (800 pages) ...
  [MCA_FACT_DATA] 4,500,000 rows fetched (900 pages) ...
  [MCA_FACT_DATA] 5,000,000 rows fetched (1000 pages) ...
  [MCA_FACT_DATA] 5,500,000 rows fetched (1100 pages) ...
  [MCA_FACT_DATA] 6,000,000 rows fetched (1200 pages) ...
  [MCA_FACT_DATA] 6,500,000 rows fetched (1300 pages) ...
  [MCA_FACT_DATA] 7,000,000 rows fetched (1400 pages) ...
  [MCA_FACT_DATA] 7,500,000 rows fetched (1500 pages) ...
