[mncah] Excluded 13 entity sets via patterns: ['*_VIEW', '*STAGING*']

======================================================================
[MNCAH] Starting download of 67 entity sets
[MNCAH] Scope: all | Page size: 5000 | Skip existing: True
[MNCAH] Entity timeout: 1800s
[MNCAH] Started at: 2026-04-07T08:17:10.423049+00:00
======================================================================

[mncah] [1/67] BD_EUROCAT ...
[mncah] [1/67] BD_EUROCAT -> skipped | 0 rows | 1 chunks | 0.0s | cumulative: 0 rows
[mncah] [2/67] BD_FACT ...
[mncah] [2/67] BD_FACT -> downloaded | 0 rows | 0 chunks | 0.1s | cumulative: 0 rows
[mncah] [3/67] BD_STUDY ...
[mncah] [3/67] BD_STUDY -> downloaded | 0 rows | 0 chunks | 0.0s | cumulative: 0 rows
[mn[mncah] [5/80] EXPORT_DIM_PER_IND_VIEW -> ERROR (817.3s): 500 Server Error: Internal Server Error for url: https://xmart-api-public.who.int/mncah/EXPORT_DIM_PER_IND_VIEW?%24top=5000&%24skip=0
[mncah] [6/80] EXPORT_DIM_VALUES_TABLE ...
[mncah] [6/80] EXPORT_DIM_VALUES_TABLE -> skipped | 0 rows | 2 chunks | 0.0s
[mncah] [7/80] EXPORT_DIM_VALUES_VIEW ...
 [6/67] EXPORT_FACTFIELD_PER_IND_TABLE -> downloaded | 651 rows | 1 chunks | 36.5s | cumulative: 57,427 rows
[mncah] [7/67] EXPORT_FACT_DATA_MCA_TABLE ...
[mncah] [7/67] EXPORT_FACT_DATA_MCA_TABLE -> ERROR (1307.4s): Expecting value: line 1 column 2 (char 1)
[mncah] [8/67] FACT_DATA_GPW ...
[mncah] [8/67] FACT_DATA_GPW -> downloaded | 8 rows | 1 chunks | 2.4s | cumulative: 57,435 rows
[mncah] [9/67] FACT_DATA_MCA ...
[mncah] [9/67] FACT_DATA_MCA -> ERROR (1217.9s): 500 Server Error: Internal Server Error for url: https://xmart-api-public.who.int/mncah/FACT_DATA_MCA?%24top=5000&%24skip=15000
[mncah] [10/67] FACT_DATA_MCA_DIMENSIONS_NOTNULL_Table ...
[mncah] [10/67] FACT_DATA_MCA_DIMENSIONS_NOTNULL_Table -> downloaded | 0 rows | 0 chunks | 92.5s | cumulative: 57,435 rows
[mncah] [11/67] FACT_DATA_MCA_TABLE ...
[mncah] [11/67] FACT_DATA_MCA_TABLE -> ERROR (0.8s): Expecting value: line 1 column 1 (char 0)
[mncah] [12/67] MCA_FACT_DATA ...
[mncah] [12/67] MCA_FACT_DATA -> ERROR (600.1s): 400 Client Error: Bad Request for url: https://xmart-api-public.who.int/mncah/MCA_FACT_DATA?%24top=5000&%24skip=145000
[mncah] [13/67] MCA_FACT_DATA_AGGREGATED ...
[mncah] [13/67] MCA_FACT_DATA_AGGREGATED -> ERROR (144.3s): 400 Client Error: Bad Request for url: https://xmart-api-public.who.int/mncah/MCA_FACT_DATA_AGGREGATED?%24top=5000&%24skip=15000
[mncah] [14/67] POP_ADLPCT ...
[mncah] [14/67] POP_ADLPCT -> ERROR (388.6s): 400 Client Error: Bad Request for url: https://xmart-api-public.who.int/mncah/POP_ADLPCT?%24top=5000&%24skip=50000
[mncah] [15/67] PS_FACT_OTHER ...
[mncah] [15/67] PS_FACT_OTHER -> ERROR (215.4s): Expecting value: line 1 column 2 (char 1)
[mncah] [16/67] PS_FACT_OTHER_NON_MCA ...
[mncah] [16/67] PS_FACT_OTHER_NON_MCA -> downloaded | 1,819 rows | 1 chunks | 41.5s | cumulative: 59,254 rows
[mncah] [17/67] PS_THEME_TOPIC_INDICATOR_TABLE ...
[mncah] [17/67] PS_THEME_TOPIC_INDICATOR_TABLE -> downloaded | 120 rows | 1 chunks | 19.6s | cumulative: 59,374 rows
[mncah] [18/67] QED_Common_Indicator ...
[mncah] [18/67] QED_Common_Indicator -> ERROR (998.3s): Expecting value: line 1 column 2 (char 1)
[mncah] [19/67] QED_Common_Indicator_Viz_Table ...
  [QED_Common_Indicator_Viz_Table] 500,000 rows fetched (100 pages) ...
[mncah] [19/67] QED_Common_Indicator_Viz_Table -> downloaded | 857,737 rows | 18 chunks | 1372.7s | cumulative: 917,111 rows
[mncah] [20/67] QED_Indicator ...
[mncah] [20/67] QED_Indicator -> downloaded | 114 rows | 1 chunks | 1.7s | cumulative: 917,225 rows
[mncah] [21/67] QED_Measurment ...
[mncah] [21/67] QED_Measurment -> downloaded | 1,084 rows | 1 chunks | 2.1s | cumulative: 918,309 rows
[mncah] [22/67] QED_Project ...
[mncah] [22/67] QED_Project -> downloaded | 91 rows | 1 chunks | 2.3s | cumulative: 918,400 rows
[mncah] [23/67] REF_Agegroup ...
[mncah] [23/67] REF_Agegroup -> downloaded | 166 rows | 1 chunks | 2.4s | cumulative: 918,566 rows
[mncah] [24/67] REF_Answers ...
[mncah] [24/67] REF_Answers -> downloaded | 226 rows | 1 chunks | 1.5s | cumulative: 918,792 rows
[mncah] [25/67] REF_Answerset ...
[mncah] [25/67] REF_Answerset -> downloaded | 58 rows | 1 chunks | 1.7s | cumulative: 918,850 rows
[mncah] [26/67] REF_Answerset_Answers ...
[mncah] [26/67] REF_Answerset_Answers -> downloaded | 359 rows | 1 chunks | 1.1s | cumulative: 919,209 rows
[mncah] [27/67] REF_CAUSE ...
[mncah] [27/67] REF_CAUSE -> downloaded | 306 rows | 1 chunks | 1.2s | cumulative: 919,515 rows
[mncah] [28/67] REF_CauseENVCAUSE ...
[mncah] [28/67] REF_CauseENVCAUSE -> downloaded | 73 rows | 1 chunks | 0.8s | cumulative: 919,588 rows
[mncah] [29/67] REF_CauseGHE ...
[mncah] [29/67] REF_CauseGHE -> downloaded | 217 rows | 1 chunks | 1.0s | cumulative: 919,805 rows
[mncah] [30/67] REF_CauseGHEChild ...
[mncah] [30/67] REF_CauseGHEChild -> downloaded | 16 rows | 1 chunks | 1.2s | cumulative: 919,821 rows
[mncah] [31/67] REF_Country ...
[mncah] [31/67] REF_Country -> downloaded | 251 rows | 1 chunks | 2.1s | cumulative: 920,072 rows
[mncah] [32/67] REF_DISTRICT ...
[mncah] [32/67] REF_DISTRICT -> downloaded | 93 rows | 1 chunks | 1.2s | cumulative: 920,165 rows
[mncah] [33/67] REF_FACILITY ...
[mncah] [33/67] REF_FACILITY -> downloaded | 318 rows | 1 chunks | 2.2s | cumulative: 920,483 rows
[mncah] [34/67] REF_FREQUENCY ...
[mncah] [34/67] REF_FREQUENCY -> downloaded | 6 rows | 1 chunks | 1.0s | cumulative: 920,489 rows
[mncah] [35/67] REF_FUNDINGSOURCE ...
[mncah] [35/67] REF_FUNDINGSOURCE -> downloaded | 6 rows | 1 chunks | 0.7s | cumulative: 920,495 rows
[mncah] [36/67] REF_Global ...
[mncah] [36/67] REF_Global -> downloaded | 1 rows | 1 chunks | 0.7s | cumulative: 920,496 rows
[mncah] [37/67] REF_IDEATESTMETHOD ...
[mncah] [37/67] REF_IDEATESTMETHOD -> downloaded | 7 rows | 1 chunks | 0.8s | cumulative: 920,503 rows
[mncah] [38/67] REF_IMPLEMENTATIONLEVEL ...
[mncah] [38/67] REF_IMPLEMENTATIONLEVEL -> downloaded | 6 rows | 1 chunks | 0.9s | cumulative: 920,509 rows
[mncah] [39/67] REF_IMPSanitation ...
[mncah] [39/67] REF_IMPSanitation -> downloaded | 7 rows | 1 chunks | 0.9s | cumulative: 920,516 rows
[mncah] [40/67] REF_IMPWater ...
[mncah] [40/67] REF_IMPWater -> downloaded | 6 rows | 1 chunks | 1.9s | cumulative: 920,522 rows
[mncah] [41/67] REF_INTERVENTIONTYPE ...
[mncah] [41/67] REF_INTERVENTIONTYPE -> downloaded | 26 rows | 1 chunks | 1.1s | cumulative: 920,548 rows
[mncah] [42/67] REF_Indicators ...
[mncah] [42/67] REF_Indicators -> downloaded | 347 rows | 1 chunks | 1.2s | cumulative: 920,895 rows
[mncah] [43/67] REF_LivingArrangements ...
[mncah] [43/67] REF_LivingArrangements -> downloaded | 4 rows | 1 chunks | 0.6s | cumulative: 920,899 rows
[mncah] [44/67] REF_MEASDEF ...
[mncah] [44/67] REF_MEASDEF -> downloaded | 26 rows | 1 chunks | 1.0s | cumulative: 920,925 rows
[mncah] [45/67] REF_MotherEducation ...
[mncah] [45/67] REF_MotherEducation -> downloaded | 7 rows | 1 chunks | 1.1s | cumulative: 920,932 rows
[mncah] [46/67] REF_ProficiencyLevel ...
[mncah] [46/67] REF_ProficiencyLevel -> downloaded | 10 rows | 1 chunks | 0.7s | cumulative: 920,942 rows
[mncah] [47/67] REF_QIMETHOD ...
[mncah] [47/67] REF_QIMETHOD -> downloaded | 5 rows | 1 chunks | 0.6s | cumulative: 920,947 rows
[mncah] [48/67] REF_QOCStandard ...
[mncah] [48/67] REF_QOCStandard -> downloaded | 27 rows | 1 chunks | 0.9s | cumulative: 920,974 rows
[mncah] [49/67] REF_REGION_QED ...
[mncah] [49/67] REF_REGION_QED -> downloaded | 54 rows | 1 chunks | 0.7s | cumulative: 921,028 rows
[mncah] [50/67] REF_Region ...
[mncah] [50/67] REF_Region -> downloaded | 7 rows | 1 chunks | 0.6s | cumulative: 921,035 rows
[mncah] [51/67] REF_ResideLTA ...
[mncah] [51/67] REF_ResideLTA -> downloaded | 2 rows | 1 chunks | 0.4s | cumulative: 921,037 rows
[mncah] [52/67] REF_ResidenceArea ...
[mncah] [52/67] REF_ResidenceArea -> downloaded | 3 rows | 1 chunks | 0.5s | cumulative: 921,040 rows
[mncah] [53/67] REF_SABDefinition ...
[mncah] [53/67] REF_SABDefinition -> downloaded | 6 rows | 1 chunks | 0.7s | cumulative: 921,046 rows
[mncah] [54/67] REF_SDGRegion ...
[mncah] [54/67] REF_SDGRegion -> downloaded | 43 rows | 1 chunks | 0.6s | cumulative: 921,089 rows
[mncah] [55/67] REF_Severity ...
[mncah] [55/67] REF_Severity -> downloaded | 19 rows | 1 chunks | 0.6s | cumulative: 921,108 rows
[mncah] [56/67] REF_SeverityHearing ...
[mncah] [56/67] REF_SeverityHearing -> downloaded | 7 rows | 1 chunks | 0.7s | cumulative: 921,115 rows
[mncah] [57/67] REF_SeverityVision ...
[mncah] [57/67] REF_SeverityVision -> downloaded | 6 rows | 1 chunks | 0.7s | cumulative: 921,121 rows
[mncah] [58/67] REF_Sex ...
[mncah] [58/67] REF_Sex -> downloaded | 3 rows | 1 chunks | 0.9s | cumulative: 921,124 rows
[mncah] [59/67] REF_UNITOFMEASUREMENT ...
[mncah] [59/67] REF_UNITOFMEASUREMENT -> downloaded | 6 rows | 1 chunks | 1.2s | cumulative: 921,130 rows
[mncah] [60/67] REF_UNSDM49 ...
[mncah] [60/67] REF_UNSDM49 -> downloaded | 31 rows | 1 chunks | 1.2s | cumulative: 921,161 rows
[mncah] [61/67] REF_VariableCategory_QED ...
[mncah] [61/67] REF_VariableCategory_QED -> downloaded | 6 rows | 1 chunks | 1.5s | cumulative: 921,167 rows
[mncah] [62/67] REF_Variables_QED ...
[mncah] [62/67] REF_Variables_QED -> downloaded | 127 rows | 1 chunks | 1.7s | cumulative: 921,294 rows
[mncah] [63/67] REF_Variant ...
[mncah] [63/67] REF_Variant -> downloaded | 10 rows | 1 chunks | 0.8s | cumulative: 921,304 rows
[mncah] [64/67] REF_WealthQuintile ...
[mncah] [64/67] REF_WealthQuintile -> downloaded | 6 rows | 1 chunks | 0.7s | cumulative: 921,310 rows
[mncah] [65/67] REF_WorldBankIncomeGRP ...
[mncah] [65/67] REF_WorldBankIncomeGRP -> downloaded | 9 rows | 1 chunks | 1.3s | cumulative: 921,319 rows
[mncah] [66/67] REF_YESNO ...
[mncah] [66/67] REF_YESNO -> downloaded | 2 rows | 1 chunks | 1.0s | cumulative: 921,321 rows
[mncah] [67/67] REF_Year ...
[mncah] [67/67] REF_Year -> downloaded | 437 rows | 1 chunks | 1.9s | cumulative: 921,758 rows

======================================================================
[MNCAH] COMPLETE
  Downloaded: 57 entity sets (921,758 rows)
  Skipped:    2
  Errors:     8
  Duration:   110.5 minutes
  Manifest:   C:\Projects\who-data-lakehouse\manifests\xmart_bulk_mncah_20260407T100738Z.json
======================================================================


======================================================================
ALL SERVICES COMPLETE
  mncah: 57 downloaded, 8 errors, 921,758 rows, 110.5 min
======================================================================
C:\Projects\who-data-lakehouse\src\who_data_lakehouse\sources\xmart.py:254: FutureWarning: The behavior of DataFrame concatenation with empty or all-NA entries is deprecated. In a future version, this will no longer exclude empty or all-NA columns when determining the result dtypes. To retain the old behavior, exclude the relevant entries before the concat operation.
  "entity_set": entity_set,
