
======================================================================
[MNCAH] Starting download of 80 entity sets
[MNCAH] Scope: all | Page size: 5000 | Skip existing: False
[MNCAH] Started at: 2026-04-07T08:07:37.387462+00:00
======================================================================

[mncah] [1/80] BD_EUROCAT ...
[mncah] [1/80] BD_EUROCAT -> downloaded | 2,484 rows | 1 chunks | 0.4s
[mncah] [2/80] BD_FACT ...
[mncah] [2/80] BD_FACT -> downloaded | 0 rows | 0 chunks | 0.0s
[mncah] [3/80] BD_STUDY ...
[mncah] [3/80] BD_STUDY -> downloaded | 0 rows | 0 chunks | 0.0s
[mncah] [4/80] EXPORT_DIM_PER_IND_TABLE ...
[mncah] [4/80] EXPORT_DIM_PER_IND_TABLE -> downloaded | 2,510 rows | 1 chunks | 0.2s
[mncah] [5/80] EXPORT_DIM_PER_IND_VIEW ...
[mncah] [5/80] EXPORT_DIM_PER_IND_VIEW -> ERROR (640.7s): 500 Server Error: Internal Server Error for url: https://xmart-api-public.who.int/mncah/EXPORT_DIM_PER_IND_VIEW?%24top=5000&%24skip=0
[mncah] [6/80] EXPORT_DIM_VALUES_TABLE ...
[mncah] [6/80] EXPORT_DIM_VALUES_TABLE -> downloaded | 56,776 rows | 2 chunks | 65.6s
[mncah] [7/80] EXPORT_DIM_VALUES_VIEW ...
[mncah] [7/80] EXPORT_DIM_VALUES_VIEW -> ERROR (747.8s): HTTPSConnectionPool(host='xmart-api-public.who.int', port=443): Max retries exceeded with url: /mncah/EXPORT_DIM_VALUES_VIEW?%24top=5000&%24skip=0 (Caused by ReadTimeoutError("HTTPSConnectionPool(host='xmart-api-public.who.int', port=443): Read timed out. (read timeout=180)"))
[mncah] [8/80] EXPORT_FACTFIELD_PER_IND_TABLE ...
[mncah] [8/80] EXPORT_FACTFIELD_PER_IND_TABLE -> downloaded | 651 rows | 1 chunks | 0.9s
[mncah] [9/80] EXPORT_FACTFIELD_PER_IND_VIEW ...
