
======================================================================
[NCD] Starting download of 29 entity sets
[NCD] Scope: all | Page size: 5000 | Skip existing: False
[NCD] Entity timeout: 1800s
[NCD] Started at: 2026-04-07T08:42:01.749827+00:00
======================================================================

[ncd] [1/29] FACT_NCD_AIR_POLLUTION ...
[ncd] [1/29] FACT_NCD_AIR_POLLUTION -> downloaded | 22,256 rows | 1 chunks | 35.4s | cumulative: 22,256 rows
[ncd] [2/29] FACT_NCD_ALCOHOL ...
[ncd] [2/29] FACT_NCD_ALCOHOL -> downloaded | 2,358 rows | 1 chunks | 2.4s | cumulative: 24,614 rows
[ncd] [3/29] FACT_NCD_CANCER ...
[ncd] [3/29] FACT_NCD_CANCER -> downloaded | 22,359 rows | 1 chunks | 40.1s | cumulative: 46,973 rows
[ncd] [4/29] FACT_NCD_CCS ...
[ncd] [4/29] FACT_NCD_CCS -> downloaded | 80,122 rows | 2 chunks | 90.4s | cumulative: 127,095 rows
[ncd] [5/29] FACT_NCD_CXCA ...
[ncd] [5/29] FACT_NCD_CXCA -> downloaded | 2,602 rows | 1 chunks | 5.2s | cumulative: 129,697 rows
[ncd] [6/29] FACT_NCD_MORTALITY ...
  [FACT_NCD_MORTALITY] 500,000 rows fetched (100 pages) ...
[ncd] [6/29] FACT_NCD_MORTALITY -> ERROR (1728.9s): 400 Client Error: Bad Request for url: https://xmart-api-public.who.int/NCD/FACT_NCD_MORTALITY?%24top=5000&%24skip=535000
[ncd] [7/29] FACT_NCD_PM ...
[ncd] [7/29] FACT_NCD_PM -> downloaded | 4,268 rows | 1 chunks | 50.7s | cumulative: 133,965 rows
[ncd] [8/29] FACT_NCD_PROJ_TARGETS ...
[ncd] [8/29] FACT_NCD_PROJ_TARGETS -> ERROR (89.6s): Expecting ',' delimiter: line 1 column 4129615 (char 4129614)
[ncd] [9/29] FACT_NCD_RISKFACTOR_BLOODGLUCOSE ...
[ncd] [9/29] FACT_NCD_RISKFACTOR_BLOODGLUCOSE -> ERROR (234.4s): 400 Client Error: Bad Request for url: https://xmart-api-public.who.int/NCD/FACT_NCD_RISKFACTOR_BLOODGLUCOSE?%24top=5000&%24skip=60000
[ncd] [10/29] FACT_NCD_RISKFACTOR_BLOODPRESSURE ...
[ncd] [10/29] FACT_NCD_RISKFACTOR_BLOODPRESSURE -> downloaded | 18,540 rows | 1 chunks | 66.3s | cumulative: 152,505 rows
[ncd] [11/29] FACT_NCD_RISKFACTOR_BMI ...
[ncd] [11/29] FACT_NCD_RISKFACTOR_BMI -> ERROR (92.5s): 400 Client Error: Bad Request for url: https://xmart-api-public.who.int/NCD/FACT_NCD_RISKFACTOR_BMI?%24top=5000&%24skip=15000
[ncd] [12/29] FACT_NCD_RISKFACTOR_CHOLESTEROL ...
[ncd] [12/29] FACT_NCD_RISKFACTOR_CHOLESTEROL -> downloaded | 141,804 rows | 3 chunks | 577.6s | cumulative: 294,309 rows
[ncd] [13/29] FACT_NCD_RISKFACTOR_HYPERTENSION ...
[ncd] [13/29] FACT_NCD_RISKFACTOR_HYPERTENSION -> downloaded | 155,352 rows | 4 chunks | 444.4s | cumulative: 449,661 rows
[ncd] [14/29] FACT_NCD_RISKFACTOR_PHYSICALACTIVITY ...
[ncd] [14/29] FACT_NCD_RISKFACTOR_PHYSICALACTIVITY -> downloaded | 35,523 rows | 1 chunks | 110.6s | cumulative: 485,184 rows
[ncd] [15/29] FACT_NCD_RISKFACTOR_SALT ...
[ncd] [15/29] FACT_NCD_RISKFACTOR_SALT -> downloaded | 21,522 rows | 1 chunks | 60.1s | cumulative: 506,706 rows
[ncd] [16/29] FACT_NCD_Tobacco ...
[ncd] [16/29] FACT_NCD_Tobacco -> downloaded | 9,074 rows | 1 chunks | 30.5s | cumulative: 515,780 rows
[ncd] [17/29] OH_CTRY_COMMITMENT_VIEW ...
[ncd] [17/29] OH_CTRY_COMMITMENT_VIEW -> downloaded | 75 rows | 1 chunks | 9.7s | cumulative: 515,855 rows
[ncd] [18/29] REF_AGEGROUP ...
[ncd] [18/29] REF_AGEGROUP -> downloaded | 11 rows | 1 chunks | 1.5s | cumulative: 515,866 rows
[ncd] [19/29] REF_COUNTRY ...
[ncd] [19/29] REF_COUNTRY -> downloaded | 257 rows | 1 chunks | 9.1s | cumulative: 516,123 rows
[ncd] [20/29] REF_GHECAUSES ...
[ncd] [20/29] REF_GHECAUSES -> downloaded | 37 rows | 1 chunks | 9.7s | cumulative: 516,160 rows
[ncd] [21/29] REF_INDICATOR ...
[ncd] [21/29] REF_INDICATOR -> downloaded | 263 rows | 1 chunks | 9.1s | cumulative: 516,423 rows
[ncd] [22/29] REF_PUBLISHSTATE ...
[ncd] [22/29] REF_PUBLISHSTATE -> downloaded | 2 rows | 1 chunks | 5.2s | cumulative: 516,425 rows
[ncd] [23/29] REF_REGION ...
[ncd] [23/29] REF_REGION -> downloaded | 7 rows | 1 chunks | 3.5s | cumulative: 516,432 rows
[ncd] [24/29] REF_SEX ...
[ncd] [24/29] REF_SEX -> downloaded | 3 rows | 1 chunks | 2.8s | cumulative: 516,435 rows
[ncd] [25/29] REF_UNREGION ...
[ncd] [25/29] REF_UNREGION -> downloaded | 10 rows | 1 chunks | 29.0s | cumulative: 516,445 rows
[ncd] [26/29] REF_UNSDGREGION ...
[ncd] [26/29] REF_UNSDGREGION -> downloaded | 8 rows | 1 chunks | 9.4s | cumulative: 516,453 rows
[ncd] [27/29] REF_WORLDBANKINCOMEGROUP ...
[ncd] [27/29] REF_WORLDBANKINCOMEGROUP -> downloaded | 7 rows | 1 chunks | 9.8s | cumulative: 516,460 rows
[ncd] [28/29] REF_YEAR ...
[ncd] [28/29] REF_YEAR -> downloaded | 56 rows | 1 chunks | 1.6s | cumulative: 516,516 rows
[ncd] [29/29] SIDS_V_CTRY_COMMITMENT ...
[ncd] [29/29] SIDS_V_CTRY_COMMITMENT -> downloaded | 63 rows | 1 chunks | 3.1s | cumulative: 516,579 rows

======================================================================
[NCD] COMPLETE
  Downloaded: 25 entity sets (516,579 rows)
  Skipped:    0
  Errors:     4
  Duration:   62.7 minutes
  Manifest:   C:\Projects\who-data-lakehouse\manifests\xmart_bulk_ncd_20260407T094444Z.json
======================================================================


======================================================================
ALL SERVICES COMPLETE
  ncd: 25 downloaded, 4 errors, 516,579 rows, 62.7 min
======================================================================
C:\Projects\who-data-lakehouse\src\who_data_lakehouse\sources\xmart.py:278: FutureWarning: The behavior of DataFrame concatenation with empty or all-NA entries is deprecated. In a future version, this will no longer exclude empty or all-NA columns when determining the result dtypes. To retain the old behavior, exclude the relevant entries before the concat operation.
  chunk = pd.concat(frames, ignore_index=True)
