
======================================================================
[NUTRITION] Starting download of 51 entity sets
[NUTRITION] Scope: all | Page size: 5000 | Skip existing: False
[NUTRITION] Entity timeout: 1800s
[NUTRITION] Started at: 2026-04-07T08:42:01.810635+00:00
======================================================================

[nutrition] [1/51] GTT_AARR_VALUE_LIST ...
[nutrition] [1/51] GTT_AARR_VALUE_LIST -> downloaded | 101 rows | 1 chunks | 3.8s | cumulative: 101 rows
[nutrition] [2/51] GTT_ANA_CALCULATOR ...
  [GTT_ANA_CALCULATOR] 500,000 rows fetched (100 pages) ...
  [GTT_ANA_CALCULATOR] 1,000,000 rows fetched (200 pages) ...
[nutrition] [2/51] GTT_ANA_CALCULATOR -> TIMEOUT (2273.5s > 1800s limit)
[nutrition] [3/51] GTT_ANA_CALCULATOR_V ...
[nutrition] [3/51] GTT_ANA_CALCULATOR_V -> ERROR (373.3s): Expecting value: line 1 column 2 (char 1)
[nutrition] [4/51] GTT_ANA_WHAT_IF ...
[nutrition] [4/51] GTT_ANA_WHAT_IF -> ERROR (30.6s): Expecting value: line 1 column 2 (char 1)
[nutrition] [5/51] GTT_CALCULATOR_TEXTS ...
[nutrition] [5/51] GTT_CALCULATOR_TEXTS -> downloaded | 184 rows | 1 chunks | 9.6s | cumulative: 285 rows
[nutrition] [6/51] GTT_CHART_FACTS ...
[nutrition] [6/51] GTT_CHART_FACTS -> downloaded | 148,432 rows | 3 chunks | 312.5s | cumulative: 148,717 rows
[nutrition] [7/51] GTT_CHART_GLOBAL_FACTS ...
[nutrition] [7/51] GTT_CHART_GLOBAL_FACTS -> downloaded | 1,430 rows | 1 chunks | 10.1s | cumulative: 150,147 rows
[nutrition] [8/51] GTT_COUNTRY ...
[nutrition] [8/51] GTT_COUNTRY -> downloaded | 808 rows | 1 chunks | 15.4s | cumulative: 150,955 rows
[nutrition] [9/51] GTT_EBF_CALCULATOR ...
[nutrition] [9/51] GTT_EBF_CALCULATOR -> ERROR (680.9s): Expecting value: line 1 column 2 (char 1)
[nutrition] [10/51] GTT_EBF_CALCULATOR_V ...
