[nutrition] Excluded 5 entity sets via patterns: ['GTT_ANA_CALCULATOR*', 'GTT_EBF_CALCULATOR*', '*_V']

======================================================================
[NUTRITION] Starting download of 46 entity sets
[NUTRITION] Scope: all | Page size: 5000 | Skip existing: True
[NUTRITION] Entity timeout: 1800s
[NUTRITION] Started at: 2026-04-07T10:50:30.124876+00:00
======================================================================

[nutrition] [1/46] GTT_AARR_VALUE_LIST ...
[nutrition] [1/46] GTT_AARR_VALUE_LIST -> skipped | 0 rows | 1 chunks | 0.0s | cumulative: 0 rows
[nutrition] [2/46] GTT_ANA_WHAT_IF ...
  [GTT_ANA_WHAT_IF] 500,000 rows fetched (100 pages) ...
  [GTT_ANA_WHAT_IF] 1,000,000 rows fetched (200 pages) ...
  [GTT_ANA_WHAT_IF] 1,500,000 rows fetched (300 pages) ...
  [GTT_ANA_WHAT_IF] 2,000,000 rows fetched (400 pages) ...
  [GTT_ANA_WHAT_IF] 2,500,000 rows fetched (500 pages) ...
  [GTT_ANA_WHAT_IF] 3,000,000 rows fetched (600 pages) ...
  [GTT_ANA_WHAT_IF] 3,500,000 rows fetched (700 pages) ...
  [GTT_ANA_WHAT_IF] 4,000,000 rows fetched (800 pages) ...
  [GTT_ANA_WHAT_IF] 4,500,000 rows fetched (900 pages) ...
  [GTT_ANA_WHAT_IF] 5,000,000 rows fetched (1000 pages) ...
  [GTT_ANA_WHAT_IF] 5,500,000 rows fetched (1100 pages) ...
  [GTT_ANA_WHAT_IF] 6,000,000 rows fetched (1200 pages) ...
  [GTT_ANA_WHAT_IF] 6,500,000 rows fetched (1300 pages) ...
  [GTT_ANA_WHAT_IF] 7,000,000 rows fetched (1400 pages) ...
  [GTT_ANA_WHAT_IF] 7,500,000 rows fetched (1500 pages) ...
  [GTT_ANA_WHAT_IF] 8,000,000 rows fetched (1600 pages) ...
  [GTT_ANA_WHAT_IF] 8,500,000 rows fetched (1700 pages) ...
  [GTT_ANA_WHAT_IF] 9,000,000 rows fetched (1800 pages) ...
  [GTT_ANA_WHAT_IF] 9,500,000 rows fetched (1900 pages) ...
  [GTT_ANA_WHAT_IF] 10,000,000 rows fetched (2000 pages) ...
  [GTT_ANA_WHAT_IF] 10,500,000 rows fetched (2100 pages) ...
  [GTT_ANA_WHAT_IF] 11,000,000 rows fetched (2200 pages) ...
  [GTT_ANA_WHAT_IF] 11,500,000 rows fetched (2300 pages) ...
  [GTT_ANA_WHAT_IF] 12,000,000 rows fetched (2400 pages) ...
  [GTT_ANA_WHAT_IF] 12,500,000 rows fetched (2500 pages) ...
  [GTT_ANA_WHAT_IF] 13,000,000 rows fetched (2600 pages) ...
  [GTT_ANA_WHAT_IF] 13,500,000 rows fetched (2700 pages) ...
  [GTT_ANA_WHAT_IF] 14,000,000 rows fetched (2800 pages) ...
  [GTT_ANA_WHAT_IF] 14,500,000 rows fetched (2900 pages) ...
  [GTT_ANA_WHAT_IF] 15,000,000 rows fetched (3000 pages) ...
  [GTT_ANA_WHAT_IF] 15,500,000 rows fetched (3100 pages) ...
  [GTT_ANA_WHAT_IF] 16,000,000 rows fetched (3200 pages) ...
  [GTT_ANA_WHAT_IF] 16,500,000 rows fetched (3300 pages) ...
  [GTT_ANA_WHAT_IF] 17,000,000 rows fetched (3400 pages) ...
  [GTT_ANA_WHAT_IF] 17,500,000 rows fetched (3500 pages) ...
  [GTT_ANA_WHAT_IF] 18,000,000 rows fetched (3600 pages) ...
  [GTT_ANA_WHAT_IF] 18,500,000 rows fetched (3700 pages) ...
  [GTT_ANA_WHAT_IF] 19,000,000 rows fetched (3800 pages) ...
  [GTT_ANA_WHAT_IF] 19,500,000 rows fetched (3900 pages) ...
  [GTT_ANA_WHAT_IF] 20,000,000 rows fetched (4000 pages) ...
  [GTT_ANA_WHAT_IF] 20,500,000 rows fetched (4100 pages) ...
  [GTT_ANA_WHAT_IF] 21,000,000 rows fetched (4200 pages) ...
[nutrition] [2/46] GTT_ANA_WHAT_IF -> TIMEOUT (23044.1s > 1800s limit)
[nutrition] [3/46] GTT_CALCULATOR_TEXTS ...
[nutrition] [3/46] GTT_CALCULATOR_TEXTS -> skipped | 0 rows | 1 chunks | 0.0s | cumulative: 0 rows
[nutrition] [4/46] GTT_CHART_FACTS ...
[nutrition] [4/46] GTT_CHART_FACTS -> skipped | 0 rows | 3 chunks | 0.0s | cumulative: 0 rows
[nutrition] [5/46] GTT_CHART_GLOBAL_FACTS ...
[nutrition] [5/46] GTT_CHART_GLOBAL_FACTS -> skipped | 0 rows | 1 chunks | 0.0s | cumulative: 0 rows
[nutrition] [6/46] GTT_COUNTRY ...
[nutrition] [6/46] GTT_COUNTRY -> skipped | 0 rows | 1 chunks | 0.0s | cumulative: 0 rows
[nutrition] [7/46] GTT_EBF_RATE_VALUES ...
[nutrition] [7/46] GTT_EBF_RATE_VALUES -> skipped | 0 rows | 1 chunks | 0.0s | cumulative: 0 rows
[nutrition] [8/46] GTT_EBF_STARTING_YEAR ...
[nutrition] [8/46] GTT_EBF_STARTING_YEAR -> skipped | 0 rows | 1 chunks | 0.0s | cumulative: 0 rows
[nutrition] [9/46] GTT_EBF_WHAT_IF ...
[nutrition] [9/46] GTT_EBF_WHAT_IF -> ERROR (6367.2s): HTTPSConnectionPool(host='xmart-api-public.who.int', port=443): Max retries exceeded with url: /NUTRITION/GTT_EBF_WHAT_IF?%24top=5000&%24skip=0 (Caused by NameResolutionError("<urllib3.connection.HTTPSConnection object at 0x0000022A98045090>: Failed to resolve 'xmart-api-public.who.int' ([Errno 11001] getaddrinfo failed)"))
[nutrition] [10/46] GTT_FACT ...
[nutrition] [10/46] GTT_FACT -> skipped | 0 rows | 1 chunks | 0.2s | cumulative: 0 rows
[nutrition] [11/46] GTT_FACT_STATUS ...
[nutrition] [11/46] GTT_FACT_STATUS -> skipped | 0 rows | 1 chunks | 0.2s | cumulative: 0 rows
[nutrition] [12/46] GTT_FACT_TOP_TABLE ...
[nutrition] [12/46] GTT_FACT_TOP_TABLE -> skipped | 0 rows | 1 chunks | 0.1s | cumulative: 0 rows
[nutrition] [13/46] GTT_GLOBAL_MAPS ...
[nutrition] [13/46] GTT_GLOBAL_MAPS -> skipped | 0 rows | 1 chunks | 0.3s | cumulative: 0 rows
[nutrition] [14/46] GTT_GLOBAL_PROGRESS ...
[nutrition] [14/46] GTT_GLOBAL_PROGRESS -> skipped | 0 rows | 1 chunks | 0.2s | cumulative: 0 rows
[nutrition] [15/46] GTT_LBW_CALCULATOR ...
  [GTT_LBW_CALCULATOR] 500,000 rows fetched (100 pages) ...
  [GTT_LBW_CALCULATOR] 1,000,000 rows fetched (200 pages) ...
  [GTT_LBW_CALCULATOR] 1,500,000 rows fetched (300 pages) ...
  [GTT_LBW_CALCULATOR] 2,000,000 rows fetched (400 pages) ...
  [GTT_LBW_CALCULATOR] 2,500,000 rows fetched (500 pages) ...
  [GTT_LBW_CALCULATOR] 3,000,000 rows fetched (600 pages) ...
  [GTT_LBW_CALCULATOR] 3,500,000 rows fetched (700 pages) ...
[nutrition] [15/46] GTT_LBW_CALCULATOR -> TIMEOUT (2335.3s > 1800s limit)
[nutrition] [16/46] GTT_LBW_WHAT_IF ...
[nutrition] [16/46] GTT_LBW_WHAT_IF -> skipped | 0 rows | 43 chunks | 0.0s | cumulative: 0 rows
[nutrition] [17/46] GTT_LEGEND_TRANSLATE ...
[nutrition] [17/46] GTT_LEGEND_TRANSLATE -> downloaded | 4 rows | 1 chunks | 1.0s | cumulative: 4 rows
[nutrition] [18/46] GTT_OVR_CALCULATOR ...
  [GTT_OVR_CALCULATOR] 500,000 rows fetched (100 pages) ...
  [GTT_OVR_CALCULATOR] 1,000,000 rows fetched (200 pages) ...
  [GTT_OVR_CALCULATOR] 1,500,000 rows fetched (300 pages) ...
  [GTT_OVR_CALCULATOR] 2,000,000 rows fetched (400 pages) ...
  [GTT_OVR_CALCULATOR] 2,500,000 rows fetched (500 pages) ...
  [GTT_OVR_CALCULATOR] 3,000,000 rows fetched (600 pages) ...
  [GTT_OVR_CALCULATOR] 3,500,000 rows fetched (700 pages) ...
  [GTT_OVR_CALCULATOR] 4,000,000 rows fetched (800 pages) ...
  [GTT_OVR_CALCULATOR] 4,500,000 rows fetched (900 pages) ...
  [GTT_OVR_CALCULATOR] 5,000,000 rows fetched (1000 pages) ...
  [GTT_OVR_CALCULATOR] 5,500,000 rows fetched (1100 pages) ...
  [GTT_OVR_CALCULATOR] 6,000,000 rows fetched (1200 pages) ...
  [GTT_OVR_CALCULATOR] 6,500,000 rows fetched (1300 pages) ...
  [GTT_OVR_CALCULATOR] 7,000,000 rows fetched (1400 pages) ...
  [GTT_OVR_CALCULATOR] 7,500,000 rows fetched (1500 pages) ...
  [GTT_OVR_CALCULATOR] 8,000,000 rows fetched (1600 pages) ...
  [GTT_OVR_CALCULATOR] 8,500,000 rows fetched (1700 pages) ...
  [GTT_OVR_CALCULATOR] 9,000,000 rows fetched (1800 pages) ...
  [GTT_OVR_CALCULATOR] 9,500,000 rows fetched (1900 pages) ...
[nutrition] [18/46] GTT_OVR_CALCULATOR -> TIMEOUT (6959.0s > 1800s limit)
[nutrition] [19/46] GTT_OVR_WHAT_IF ...
[nutrition] [19/46] GTT_OVR_WHAT_IF -> skipped | 0 rows | 1 chunks | 0.0s | cumulative: 4 rows
[nutrition] [20/46] GTT_STARTING_YEAR_VALUE_LIST ...
[nutrition] [20/46] GTT_STARTING_YEAR_VALUE_LIST -> downloaded | 18 rows | 1 chunks | 1.6s | cumulative: 22 rows
[nutrition] [21/46] GTT_STATUS_LC ...
[nutrition] [21/46] GTT_STATUS_LC -> downloaded | 79,016 rows | 2 chunks | 56.7s | cumulative: 79,038 rows
[nutrition] [22/46] GTT_STATUS_MESSAGES ...
[nutrition] [22/46] GTT_STATUS_MESSAGES -> ERROR (11.4s): 
[nutrition] [23/46] GTT_STU_CALCULATOR ...
[nutrition] [23/46] GTT_STU_CALCULATOR -> skipped | 0 rows | 1 chunks | 0.0s | cumulative: 79,038 rows
[nutrition] [24/46] GTT_STU_WHAT_IF ...
[nutrition] [24/46] GTT_STU_WHAT_IF -> ERROR (3.5s): 
[nutrition] [25/46] GTT_SURVEY ...
[nutrition] [25/46] GTT_SURVEY -> ERROR (4.3s): 
[nutrition] [26/46] GTT_SURVEY_HISTORY ...
[nutrition] [26/46] GTT_SURVEY_HISTORY -> ERROR (72.8s): 
[nutrition] [27/46] GTT_WHAT_IF_ANAEMIA ...
[nutrition] [27/46] GTT_WHAT_IF_ANAEMIA -> ERROR (19.1s): Unable to allocate output buffer.
[nutrition] [28/46] GTT_WHAT_IF_BREASTFEEDING ...
[nutrition] [28/46] GTT_WHAT_IF_BREASTFEEDING -> ERROR (3.1s): 
[nutrition] [29/46] GTT_WHAT_IF_GAUGE ...
[nutrition] [29/46] GTT_WHAT_IF_GAUGE -> ERROR (2.5s): 
[nutrition] [30/46] GTT_WHAT_IF_LOWBIRTHWEIGHT ...
[nutrition] [30/46] GTT_WHAT_IF_LOWBIRTHWEIGHT -> ERROR (4.1s): Unable to allocate output buffer.
[nutrition] [31/46] GTT_WHAT_IF_OVERWEIGHT ...
[nutrition] [31/46] GTT_WHAT_IF_OVERWEIGHT -> ERROR (12.2s): 
[nutrition] [32/46] GTT_WHAT_IF_STUNTING ...
[nutrition] [32/46] GTT_WHAT_IF_STUNTING -> ERROR (31.5s): 
[nutrition] [33/46] NLIS_FACTS_FOR_APP ...
[nutrition] [33/46] NLIS_FACTS_FOR_APP -> ERROR (20.0s): 
[nutrition] [34/46] REF_COUNTRY ...
[nutrition] [34/46] REF_COUNTRY -> downloaded | 248 rows | 1 chunks | 5.3s | cumulative: 79,286 rows
[nutrition] [35/46] REF_GTT_FACT_TYPE ...
[nutrition] [35/46] REF_GTT_FACT_TYPE -> downloaded | 3 rows | 1 chunks | 1.6s | cumulative: 79,289 rows
[nutrition] [36/46] REF_GTT_INDICATOR_NAMES ...
[nutrition] [36/46] REF_GTT_INDICATOR_NAMES -> downloaded | 24 rows | 1 chunks | 0.8s | cumulative: 79,313 rows
[nutrition] [37/46] REF_GTT_LANGUAGE ...
[nutrition] [37/46] REF_GTT_LANGUAGE -> downloaded | 4 rows | 1 chunks | 0.4s | cumulative: 79,317 rows
[nutrition] [38/46] REF_GTT_LINKS ...
[nutrition] [38/46] REF_GTT_LINKS -> downloaded | 1 rows | 1 chunks | 0.7s | cumulative: 79,318 rows
[nutrition] [39/46] REF_GTT_MEASURE_TYPE ...
[nutrition] [39/46] REF_GTT_MEASURE_TYPE -> downloaded | 15 rows | 1 chunks | 0.5s | cumulative: 79,333 rows
[nutrition] [40/46] REF_GTT_MEMBERSHIP ...
[nutrition] [40/46] REF_GTT_MEMBERSHIP -> downloaded | 1,212 rows | 1 chunks | 4.1s | cumulative: 80,545 rows
[nutrition] [41/46] REF_GTT_PERCENT ...
[nutrition] [41/46] REF_GTT_PERCENT -> downloaded | 101 rows | 1 chunks | 0.5s | cumulative: 80,646 rows
[nutrition] [42/46] REF_GTT_POPTYPES ...
[nutrition] [42/46] REF_GTT_POPTYPES -> downloaded | 12 rows | 1 chunks | 0.4s | cumulative: 80,658 rows
[nutrition] [43/46] REF_GTT_TARGET_YEAR ...
[nutrition] [43/46] REF_GTT_TARGET_YEAR -> downloaded | 2 rows | 1 chunks | 0.6s | cumulative: 80,660 rows
[nutrition] [44/46] REF_GTT_TRANSLATE ...
[nutrition] [44/46] REF_GTT_TRANSLATE -> downloaded | 184 rows | 1 chunks | 0.5s | cumulative: 80,844 rows
[nutrition] [45/46] REF_GTT_TRANSLATE_IND_DEFINITIONS ...
[nutrition] [45/46] REF_GTT_TRANSLATE_IND_DEFINITIONS -> downloaded | 48 rows | 1 chunks | 0.4s | cumulative: 80,892 rows
[nutrition] [46/46] VMNIS_MICRONUTS_PUBLIC ...
[nutrition] [46/46] VMNIS_MICRONUTS_PUBLIC -> ERROR (163.2s): 

======================================================================
[NUTRITION] COMPLETE
  Downloaded: 15 entity sets (80,892 rows)
  Skipped:    15
  Errors:     16
  Duration:   652.4 minutes
  Manifest:   C:\Projects\who-data-lakehouse\manifests\xmart_bulk_nutrition_20260407T214254Z.json
======================================================================


======================================================================
ALL SERVICES COMPLETE
  nutrition: 15 downloaded, 16 errors, 80,892 rows, 652.4 min
======================================================================
C:\Projects\who-data-lakehouse\src\who_data_lakehouse\sources\xmart.py:278: FutureWarning: The behavior of DataFrame concatenation with empty or all-NA entries is deprecated. In a future version, this will no longer exclude empty or all-NA columns when determining the result dtypes. To retain the old behavior, exclude the relevant entries before the concat operation.
  chunk = pd.concat(frames, ignore_index=True)
