[nutrition] Excluded 3 entity sets via patterns: ['GTT_ANA_CALCULATOR', 'GTT_EBF_CALCULATOR', 'GTT_EBF_CALCULATOR_V']

======================================================================
[NUTRITION] Starting download of 48 entity sets
[NUTRITION] Scope: all | Page size: 5000 | Skip existing: True
[NUTRITION] Entity timeout: 1800s
[NUTRITION] Started at: 2026-04-07T10:29:11.976096+00:00
======================================================================

[nutrition] [1/48] GTT_AARR_VALUE_LIST ...
[nutrition] [1/48] GTT_AARR_VALUE_LIST -> skipped | 0 rows | 1 chunks | 0.0s | cumulative: 0 rows
[nutrition] [2/48] GTT_ANA_CALCULATOR_V ...
[nutrition] [2/48] GTT_ANA_CALCULATOR_V -> TIMEOUT (7332.5s > 1800s limit)
[nutrition] [3/48] GTT_ANA_WHAT_IF ...
[nutrition] [3/48] GTT_ANA_WHAT_IF -> skipped | 0 rows | 183 chunks | 0.0s | cumulative: 0 rows
[nutrition] [4/48] GTT_CALCULATOR_TEXTS ...
[nutrition] [4/48] GTT_CALCULATOR_TEXTS -> skipped | 0 rows | 1 chunks | 0.0s | cumulative: 0 rows
[nutrition] [5/48] GTT_CHART_FACTS ...
[nutrition] [5/48] GTT_CHART_FACTS -> skipped | 0 rows | 3 chunks | 0.0s | cumulative: 0 rows
[nutrition] [6/48] GTT_CHART_GLOBAL_FACTS ...
[nutrition] [6/48] GTT_CHART_GLOBAL_FACTS -> skipped | 0 rows | 1 chunks | 0.0s | cumulative: 0 rows
[nutrition] [7/48] GTT_COUNTRY ...
[nutrition] [7/48] GTT_COUNTRY -> skipped | 0 rows | 1 chunks | 0.0s | cumulative: 0 rows
[nutrition] [8/48] GTT_EBF_RATE_VALUES ...
[nutrition] [8/48] GTT_EBF_RATE_VALUES -> downloaded | 8,313 rows | 1 chunks | 6.6s | cumulative: 8,313 rows
[nutrition] [9/48] GTT_EBF_STARTING_YEAR ...
[nutrition] [9/48] GTT_EBF_STARTING_YEAR -> downloaded | 1,498 rows | 1 chunks | 3.1s | cumulative: 9,811 rows
[nutrition] [10/48] GTT_EBF_WHAT_IF ...
  [GTT_EBF_WHAT_IF] 500,000 rows fetched (100 pages) ...
  [GTT_EBF_WHAT_IF] 1,000,000 rows fetched (200 pages) ...
  [GTT_EBF_WHAT_IF] 1,500,000 rows fetched (300 pages) ...
  [GTT_EBF_WHAT_IF] 2,000,000 rows fetched (400 pages) ...
  [GTT_EBF_WHAT_IF] 2,500,000 rows fetched (500 pages) ...
  [GTT_EBF_WHAT_IF] 3,000,000 rows fetched (600 pages) ...
  [GTT_EBF_WHAT_IF] 3,500,000 rows fetched (700 pages) ...
  [GTT_EBF_WHAT_IF] 4,000,000 rows fetched (800 pages) ...
  [GTT_EBF_WHAT_IF] 4,500,000 rows fetched (900 pages) ...
  [GTT_EBF_WHAT_IF] 5,000,000 rows fetched (1000 pages) ...
[nutrition] [10/48] GTT_EBF_WHAT_IF -> TIMEOUT (3770.8s > 1800s limit)
[nutrition] [11/48] GTT_FACT ...
[nutrition] [11/48] GTT_FACT -> downloaded | 27,888 rows | 1 chunks | 7.0s | cumulative: 37,699 rows
[nutrition] [12/48] GTT_FACT_STATUS ...
[nutrition] [12/48] GTT_FACT_STATUS -> downloaded | 3,792 rows | 1 chunks | 1.2s | cumulative: 41,491 rows
[nutrition] [13/48] GTT_FACT_TOP_TABLE ...
[nutrition] [13/48] GTT_FACT_TOP_TABLE -> downloaded | 9,136 rows | 1 chunks | 857.7s | cumulative: 50,627 rows
[nutrition] [14/48] GTT_GLOBAL_MAPS ...
[nutrition] [14/48] GTT_GLOBAL_MAPS -> downloaded | 776 rows | 1 chunks | 10.5s | cumulative: 51,403 rows
[nutrition] [15/48] GTT_GLOBAL_PROGRESS ...
[nutrition] [15/48] GTT_GLOBAL_PROGRESS -> downloaded | 855 rows | 1 chunks | 7.8s | cumulative: 52,258 rows
[nutrition] [16/48] GTT_LBW_CALCULATOR ...
  [GTT_LBW_CALCULATOR] 500,000 rows fetched (100 pages) ...
  [GTT_LBW_CALCULATOR] 1,000,000 rows fetched (200 pages) ...
  [GTT_LBW_CALCULATOR] 1,500,000 rows fetched (300 pages) ...
  [GTT_LBW_CALCULATOR] 2,000,000 rows fetched (400 pages) ...
  [GTT_LBW_CALCULATOR] 2,500,000 rows fetched (500 pages) ...
  [GTT_LBW_CALCULATOR] 3,000,000 rows fetched (600 pages) ...
  [GTT_LBW_CALCULATOR] 3,500,000 rows fetched (700 pages) ...
[nutrition] [16/48] GTT_LBW_CALCULATOR -> TIMEOUT (1810.4s > 1800s limit)
[nutrition] [17/48] GTT_LBW_CALCULATOR_V ...
  [GTT_LBW_CALCULATOR_V] 500,000 rows fetched (100 pages) ...
[nutrition] [17/48] GTT_LBW_CALCULATOR_V -> TIMEOUT (16884.0s > 1800s limit)
[nutrition] [18/48] GTT_LBW_WHAT_IF ...
  [GTT_LBW_WHAT_IF] 500,000 rows fetched (100 pages) ...
  [GTT_LBW_WHAT_IF] 1,000,000 rows fetched (200 pages) ...
  [GTT_LBW_WHAT_IF] 1,500,000 rows fetched (300 pages) ...
  [GTT_LBW_WHAT_IF] 2,000,000 rows fetched (400 pages) ...
  [GTT_LBW_WHAT_IF] 2,500,000 rows fetched (500 pages) ...
  [GTT_LBW_WHAT_IF] 3,000,000 rows fetched (600 pages) ...
  [GTT_LBW_WHAT_IF] 3,500,000 rows fetched (700 pages) ...
  [GTT_LBW_WHAT_IF] 4,000,000 rows fetched (800 pages) ...
  [GTT_LBW_WHAT_IF] 4,500,000 rows fetched (900 pages) ...
  [GTT_LBW_WHAT_IF] 5,000,000 rows fetched (1000 pages) ...
  [GTT_LBW_WHAT_IF] 5,500,000 rows fetched (1100 pages) ...
  [GTT_LBW_WHAT_IF] 6,000,000 rows fetched (1200 pages) ...
  [GTT_LBW_WHAT_IF] 6,500,000 rows fetched (1300 pages) ...
  [GTT_LBW_WHAT_IF] 7,000,000 rows fetched (1400 pages) ...
  [GTT_LBW_WHAT_IF] 7,500,000 rows fetched (1500 pages) ...
  [GTT_LBW_WHAT_IF] 8,000,000 rows fetched (1600 pages) ...
  [GTT_LBW_WHAT_IF] 8,500,000 rows fetched (1700 pages) ...
  [GTT_LBW_WHAT_IF] 9,000,000 rows fetched (1800 pages) ...
  [GTT_LBW_WHAT_IF] 9,500,000 rows fetched (1900 pages) ...
  [GTT_LBW_WHAT_IF] 10,000,000 rows fetched (2000 pages) ...
  [GTT_LBW_WHAT_IF] 10,500,000 rows fetched (2100 pages) ...
[nutrition] [18/48] GTT_LBW_WHAT_IF -> TIMEOUT (9209.8s > 1800s limit)
[nutrition] [19/48] GTT_LEGEND_TRANSLATE ...
[nutrition] [19/48] GTT_LEGEND_TRANSLATE -> skipped | 0 rows | 1 chunks | 0.0s | cumulative: 52,258 rows
[nutrition] [20/48] GTT_OVR_CALCULATOR ...
[nutrition] [20/48] GTT_OVR_CALCULATOR -> skipped | 0 rows | 195 chunks | 0.1s | cumulative: 52,258 rows
[nutrition] [21/48] GTT_OVR_WHAT_IF ...
[nutrition] [21/48] GTT_OVR_WHAT_IF -> ERROR (97.5s): 
[nutrition] [22/48] GTT_STARTING_YEAR_VALUE_LIST ...
[nutrition] [22/48] GTT_STARTING_YEAR_VALUE_LIST -> downloaded | 18 rows | 1 chunks | 0.7s | cumulative: 52,276 rows
[nutrition] [23/48] GTT_STATUS_LC ...
[nutrition] [23/48] GTT_STATUS_LC -> ERROR (5.3s): 
[nutrition] [24/48] GTT_STATUS_MESSAGES ...
[nutrition] [24/48] GTT_STATUS_MESSAGES -> ERROR (2.9s): 
[nutrition] [25/48] GTT_STU_CALCULATOR ...
[nutrition] [25/48] GTT_STU_CALCULATOR -> ERROR (58.0s): 
[nutrition] [26/48] GTT_STU_WHAT_IF ...
[nutrition] [26/48] GTT_STU_WHAT_IF -> ERROR (4.4s): 
[nutrition] [27/48] GTT_SURVEY ...
[nutrition] [27/48] GTT_SURVEY -> ERROR (5.9s): 
[nutrition] [28/48] GTT_SURVEY_HISTORY ...
[nutrition] [28/48] GTT_SURVEY_HISTORY -> ERROR (72.8s): 
[nutrition] [29/48] GTT_WHAT_IF_ANAEMIA ...
[nutrition] [29/48] GTT_WHAT_IF_ANAEMIA -> ERROR (10.0s): Unable to allocate output buffer.
[nutrition] [30/48] GTT_WHAT_IF_BREASTFEEDING ...
[nutrition] [30/48] GTT_WHAT_IF_BREASTFEEDING -> ERROR (4.1s): 
[nutrition] [31/48] GTT_WHAT_IF_GAUGE ...
[nutrition] [31/48] GTT_WHAT_IF_GAUGE -> ERROR (6.1s): 
[nutrition] [32/48] GTT_WHAT_IF_LOWBIRTHWEIGHT ...
[nutrition] [32/48] GTT_WHAT_IF_LOWBIRTHWEIGHT -> ERROR (7.3s): Unable to allocate output buffer.
[nutrition] [33/48] GTT_WHAT_IF_OVERWEIGHT ...
[nutrition] [33/48] GTT_WHAT_IF_OVERWEIGHT -> ERROR (67.2s): 
[nutrition] [34/48] GTT_WHAT_IF_STUNTING ...
[nutrition] [34/48] GTT_WHAT_IF_STUNTING -> ERROR (1.7s): 
[nutrition] [35/48] NLIS_FACTS_FOR_APP ...
[nutrition] [35/48] NLIS_FACTS_FOR_APP -> ERROR (5.7s): 
[nutrition] [36/48] REF_COUNTRY ...
[nutrition] [36/48] REF_COUNTRY -> skipped | 0 rows | 1 chunks | 0.0s | cumulative: 52,276 rows
[nutrition] [37/48] REF_GTT_FACT_TYPE ...
[nutrition] [37/48] REF_GTT_FACT_TYPE -> skipped | 0 rows | 1 chunks | 0.0s | cumulative: 52,276 rows
[nutrition] [38/48] REF_GTT_INDICATOR_NAMES ...
[nutrition] [38/48] REF_GTT_INDICATOR_NAMES -> skipped | 0 rows | 1 chunks | 0.0s | cumulative: 52,276 rows
[nutrition] [39/48] REF_GTT_LANGUAGE ...
[nutrition] [39/48] REF_GTT_LANGUAGE -> skipped | 0 rows | 1 chunks | 0.0s | cumulative: 52,276 rows
[nutrition] [40/48] REF_GTT_LINKS ...
[nutrition] [40/48] REF_GTT_LINKS -> skipped | 0 rows | 1 chunks | 0.0s | cumulative: 52,276 rows
[nutrition] [41/48] REF_GTT_MEASURE_TYPE ...
[nutrition] [41/48] REF_GTT_MEASURE_TYPE -> skipped | 0 rows | 1 chunks | 0.0s | cumulative: 52,276 rows
[nutrition] [42/48] REF_GTT_MEMBERSHIP ...
[nutrition] [42/48] REF_GTT_MEMBERSHIP -> ERROR (0.0s): [WinError 32] The process cannot access the file because it is being used by another process: 'C:\\Projects\\who-data-lakehouse\\data\\raw\\xmart\\nutrition\\REF_GTT_MEMBERSHIP.jsonl.gz'
[nutrition] [43/48] REF_GTT_PERCENT ...
[nutrition] [43/48] REF_GTT_PERCENT -> downloaded | 101 rows | 1 chunks | 0.7s | cumulative: 52,377 rows
[nutrition] [44/48] REF_GTT_POPTYPES ...
[nutrition] [44/48] REF_GTT_POPTYPES -> downloaded | 12 rows | 1 chunks | 0.2s | cumulative: 52,389 rows
[nutrition] [45/48] REF_GTT_TARGET_YEAR ...
[nutrition] [45/48] REF_GTT_TARGET_YEAR -> downloaded | 2 rows | 1 chunks | 0.4s | cumulative: 52,391 rows
[nutrition] [46/48] REF_GTT_TRANSLATE ...
[nutrition] [46/48] REF_GTT_TRANSLATE -> downloaded | 184 rows | 1 chunks | 0.5s | cumulative: 52,575 rows
[nutrition] [47/48] REF_GTT_TRANSLATE_IND_DEFINITIONS ...
[nutrition] [47/48] REF_GTT_TRANSLATE_IND_DEFINITIONS -> downloaded | 48 rows | 1 chunks | 1.2s | cumulative: 52,623 rows
[nutrition] [48/48] VMNIS_MICRONUTS_PUBLIC ...
[nutrition] [48/48] VMNIS_MICRONUTS_PUBLIC -> ERROR (423.7s): 

======================================================================
[NUTRITION] COMPLETE
  Downloaded: 13 entity sets (52,623 rows)
  Skipped:    14
  Errors:     21
  Duration:   678.1 minutes
  Manifest:   C:\Projects\who-data-lakehouse\manifests\xmart_bulk_nutrition_20260407T214715Z.json
======================================================================


======================================================================
ALL SERVICES COMPLETE
  nutrition: 13 downloaded, 21 errors, 52,623 rows, 678.1 min
======================================================================
