
======================================================================
[WIISE] Starting download of 149 entity sets
[WIISE] Scope: all | Page size: 5000 | Skip existing: False
[WIISE] Started at: 2026-04-07T08:07:38.107154+00:00
======================================================================

[wiise] [1/149] AD_AEFI ...
[wiise] [1/149] AD_AEFI -> downloaded | 12,480 rows | 1 chunks | 1.2s
[wiise] [2/149] AD_CAMPAIGNS_MR_SUSCEPT ...
[wiise] [2/149] AD_CAMPAIGNS_MR_SUSCEPT -> downloaded | 80 rows | 1 chunks | 0.1s
[wiise] [3/149] AD_COMMENTS ...
[wiise] [3/149] AD_COMMENTS -> downloaded | 25,389 rows | 1 chunks | 3.4s
[wiise] [4/149] AD_COVERAGES ...
  [AD_COVERAGES] 500,000 rows fetched (100 pages) ...
  [AD_COVERAGES] 998,283 rows fetched (200 pages) ...
[wiise] [4/149] AD_COVERAGES -> downloaded | 998,283 rows | 20 chunks | 2055.3s
[wiise] [5/149] AD_COVERAGE_SURVEYS ...
[wiise] [5/149] AD_COVERAGE_SURVEYS -> downloaded | 5,346 rows | 1 chunks | 7.6s
[wiise] [6/149] AD_DENOMINATORS ...
[wiise] [6/149] AD_DENOMINATORS -> downloaded | 4,789 rows | 1 chunks | 6.0s
[wiise] [7/149] AD_GLOBAL_REGIONAL_COVERAGES ...
[wiise] [7/149] AD_GLOBAL_REGIONAL_COVERAGES -> downloaded | 253,143 rows | 6 chunks | 42.5s
[wiise] [8/149] AD_HOME_BASE_RECORDS ...
[wiise] [8/149] AD_HOME_BASE_RECORDS -> downloaded | 2,003 rows | 1 chunks | 3.7s
[wiise] [9/149] AD_HPVADMINS ...
[wiise] [9/149] AD_HPVADMINS -> downloaded | 121,708 rows | 3 chunks | 161.0s
[wiise] [10/149] AD_INCIDENCES ...
[wiise] [10/149] AD_INCIDENCES -> ERROR (977.4s): 500 Server Error: Internal Server Error for url: https://xmart-api-public.who.int/WIISE/AD_INCIDENCES?%24top=5000&%24skip=195000
[wiise] [11/149] AD_INDICATORS ...
[wiise] [11/149] AD_INDICATORS -> ERROR (1209.2s): Expecting ',' delimiter: line 1 column 765376 (char 765375)
[wiise] [12/149] AD_MNTE ...
[wiise] [12/149] AD_MNTE -> ERROR (31.1s): 400 Client Error: Bad Request for url: https://xmart-api-public.who.int/WIISE/AD_MNTE?%24top=5000&%24skip=30000
[wiise] [13/149] AD_OUTBREAKS ...
[wiise] [13/149] AD_OUTBREAKS -> ERROR (215.5s): Expecting value: line 1 column 2 (char 1)
[wiise] [14/149] AD_OUTBREAKS_INFORMATION ...
[wiise] [14/149] AD_OUTBREAKS_INFORMATION -> downloaded | 22,941 rows | 1 chunks | 78.3s
[wiise] [15/149] AD_OUTBREAKS_LAB ...
[wiise] [15/149] AD_OUTBREAKS_LAB -> downloaded | 29,016 rows | 1 chunks | 104.5s
[wiise] [16/149] AD_SCHEDULES ...
[wiise] [16/149] AD_SCHEDULES -> downloaded | 130,742 rows | 3 chunks | 385.0s
[wiise] [17/149] AD_SCHEDULES_OTHER ...
[wiise] [17/149] AD_SCHEDULES_OTHER -> downloaded | 74 rows | 1 chunks | 1.1s
[wiise] [18/149] AD_SCHOOL_ADMIN ...
[wiise] [18/149] AD_SCHOOL_ADMIN -> downloaded | 2,719 rows | 1 chunks | 5.5s
[wiise] [19/149] AD_SCHOOL_ADMIN_HISTORY ...
[wiise] [19/149] AD_SCHOOL_ADMIN_HISTORY -> downloaded | 3,451 rows | 1 chunks | 41.2s
[wiise] [20/149] AD_SIA_CONDUCTED ...
[wiise] [20/149] AD_SIA_CONDUCTED -> downloaded | 1,699 rows | 1 chunks | 14.4s
[wiise] [21/149] AD_SIA_PLANNED ...
[wiise] [21/149] AD_SIA_PLANNED -> downloaded | 819 rows | 1 chunks | 11.3s
[wiise] [22/149] AD_SURVEYS_HISTORY ...
[wiise] [22/149] AD_SURVEYS_HISTORY -> downloaded | 3,474 rows | 1 chunks | 17.7s
[wiise] [23/149] AD_SURVEYS_RESULTS ...
[wiise] [23/149] AD_SURVEYS_RESULTS -> downloaded | 199,802 rows | 4 chunks | 472.9s
[wiise] [24/149] AD_SURV_INDICATORS ...
[wiise] [24/149] AD_SURV_INDICATORS -> downloaded | 55,341 rows | 2 chunks | 116.2s
[wiise] [25/149] AD_SURV_LAB ...
[wiise] [25/149] AD_SURV_LAB -> downloaded | 860 rows | 1 chunks | 20.3s
[wiise] [26/149] AD_VACCINE_INTRODUCTIONS ...
[wiise] [26/149] AD_VACCINE_INTRODUCTIONS -> downloaded | 45,398 rows | 1 chunks | 209.9s
[wiise] [27/149] COV_AFRO_RAW ...
[wiise] [27/149] COV_AFRO_RAW -> downloaded | 8,472 rows | 1 chunks | 16.8s
[wiise] [28/149] COV_AFRO_TEMP ...
[wiise] [28/149] COV_AFRO_TEMP -> downloaded | 32,407 rows | 1 chunks | 28.4s
[wiise] [29/149] COV_INDICATORS ...
[wiise] [29/149] COV_INDICATORS -> downloaded | 162,955 rows | 4 chunks | 305.2s
[wiise] [30/149] COV_SEAR_DIS_RAW ...
[wiise] [30/149] COV_SEAR_DIS_RAW -> downloaded | 65 rows | 1 chunks | 1.0s
[wiise] [31/149] COV_SEAR_RAW ...
[wiise] [31/149] COV_SEAR_RAW -> downloaded | 1,136 rows | 1 chunks | 1.1s
[wiise] [32/149] COV_TESSY_RAW_TEMP ...
[wiise] [32/149] COV_TESSY_RAW_TEMP -> downloaded | 350,807 rows | 8 chunks | 217.0s
[wiise] [33/149] COV_UPTAKE ...
[wiise] [33/149] COV_UPTAKE -> downloaded | 168,610 rows | 4 chunks | 147.0s
[wiise] [34/149] COV_UPTAKE_WEEKLY ...
[wiise] [34/149] COV_UPTAKE_WEEKLY -> downloaded | 23,279 rows | 1 chunks | 12.2s
[wiise] [35/149] COV_UTILISATION ...
[wiise] [35/149] COV_UTILISATION -> downloaded | 3,900 rows | 1 chunks | 3.8s
[wiise] [36/149] COV_VAC_DASH_IND ...
[wiise] [36/149] COV_VAC_DASH_IND -> downloaded | 13,403 rows | 1 chunks | 4.4s
[wiise] [37/149] COV_VAC_DASH_UPTAKE ...
[wiise] [37/149] COV_VAC_DASH_UPTAKE -> downloaded | 1,402 rows | 1 chunks | 2.8s
[wiise] [38/149] COV_VAC_MVP ...
[wiise] [38/149] COV_VAC_MVP -> downloaded | 7,608 rows | 1 chunks | 5.2s
[wiise] [39/149] COV_VAC_MVP_INCOME ...
[wiise] [39/149] COV_VAC_MVP_INCOME -> downloaded | 175 rows | 1 chunks | 2.2s
[wiise] [40/149] COV_VAC_MVP_META ...
[wiise] [40/149] COV_VAC_MVP_META -> downloaded | 0 rows | 0 chunks | 0.4s
[wiise] [41/149] COV_VAC_MVP_PROD ...
[wiise] [41/149] COV_VAC_MVP_PROD -> downloaded | 1,105 rows | 1 chunks | 2.5s
[wiise] [42/149] COV_VAC_MVP_REGION ...
[wiise] [42/149] COV_VAC_MVP_REGION -> downloaded | 252 rows | 1 chunks | 1.3s
[wiise] [43/149] COV_VDP_SUMMARY ...
[wiise] [43/149] COV_VDP_SUMMARY -> downloaded | 12,348 rows | 1 chunks | 26.0s
[wiise] [44/149] COV_WPRO_RAW ...
[wiise] [44/149] COV_WPRO_RAW -> downloaded | 53,416 rows | 2 chunks | 16.8s
[wiise] [45/149] MT_AD_COV_LONG ...
[wiise] [45/149] MT_AD_COV_LONG -> downloaded | 412,983 rows | 9 chunks | 181.8s
[wiise] [46/149] MT_AD_COV_NATIONAL_LONG ...
[wiise] [46/149] MT_AD_COV_NATIONAL_LONG -> downloaded | 394,039 rows | 8 chunks | 158.4s
[wiise] [47/149] MT_AD_INC_LONG ...
[wiise] [47/149] MT_AD_INC_LONG -> downloaded | 96,299 rows | 2 chunks | 33.1s
[wiise] [48/149] MT_AD_INC_NATIONAL_LONG ...
[wiise] [48/149] MT_AD_INC_NATIONAL_LONG -> downloaded | 93,389 rows | 2 chunks | 30.9s
[wiise] [49/149] MT_AD_INC_RATE_LONG ...
[wiise] [49/149] MT_AD_INC_RATE_LONG -> downloaded | 96,671 rows | 2 chunks | 31.0s
[wiise] [50/149] MT_AD_IND_ALL_LONG ...
  [MT_AD_IND_ALL_LONG] 500,000 rows fetched (100 pages) ...
  [MT_AD_IND_ALL_LONG] 1,000,000 rows fetched (200 pages) ...
[wiise] [50/149] MT_AD_IND_ALL_LONG -> downloaded | 1,423,757 rows | 29 chunks | 533.5s
[wiise] [51/149] MT_AD_IND_LONG ...
  [MT_AD_IND_LONG] 500,000 rows fetched (100 pages) ...
[wiise] [51/149] MT_AD_IND_LONG -> downloaded | 818,949 rows | 17 chunks | 255.8s
[wiise] [52/149] MT_AD_INTRO_AGG_LONG ...
[wiise] [52/149] MT_AD_INTRO_AGG_LONG -> downloaded | 35,138 rows | 1 chunks | 10.3s
[wiise] [53/149] MT_AD_INTRO_LONG ...
[wiise] [53/149] MT_AD_INTRO_LONG -> downloaded | 137,945 rows | 3 chunks | 49.0s
[wiise] [54/149] MT_AD_SCHEDULER ...
[wiise] [54/149] MT_AD_SCHEDULER -> downloaded | 9,064 rows | 1 chunks | 2.7s
[wiise] [55/149] MT_COV_UPTAKE_AGEGROUP_LONG ...
[wiise] [55/149] MT_COV_UPTAKE_AGEGROUP_LONG -> downloaded | 22,607 rows | 1 chunks | 12.1s
[wiise] [56/149] MT_COV_UPTAKE_TARGETGROUP_LONG ...
[wiise] [56/149] MT_COV_UPTAKE_TARGETGROUP_LONG -> downloaded | 18,446 rows | 1 chunks | 6.4s
[wiise] [57/149] MT_LIST_COUNTRY_GROUPINGS ...
[wiise] [57/149] MT_LIST_COUNTRY_GROUPINGS -> downloaded | 24 rows | 1 chunks | 1.1s
[wiise] [58/149] MT_REF_INTERVENTIONS ...
[wiise] [58/149] MT_REF_INTERVENTIONS -> downloaded | 125 rows | 1 chunks | 1.0s
[wiise] [59/149] MT_REF_POPULATIONS ...
  [MT_REF_POPULATIONS] 500,000 rows fetched (100 pages) ...
  [MT_REF_POPULATIONS] 1,000,000 rows fetched (200 pages) ...
  [MT_REF_POPULATIONS] 1,500,000 rows fetched (300 pages) ...
  [MT_REF_POPULATIONS] 2,000,000 rows fetched (400 pages) ...
  [MT_REF_POPULATIONS] 2,500,000 rows fetched (500 pages) ...
  [MT_REF_POPULATIONS] 3,000,000 rows fetched (600 pages) ...
  [MT_REF_POPULATIONS] 3,500,000 rows fetched (700 pages) ...
  [MT_REF_POPULATIONS] 4,000,000 rows fetched (800 pages) ...
  [MT_REF_POPULATIONS] 4,500,000 rows fetched (900 pages) ...
  [MT_REF_POPULATIONS] 5,000,000 rows fetched (1000 pages) ...
  [MT_REF_POPULATIONS] 5,500,000 rows fetched (1100 pages) ...
  [MT_REF_POPULATIONS] 6,000,000 rows fetched (1200 pages) ...
  [MT_REF_POPULATIONS] 6,500,000 rows fetched (1300 pages) ...
  [MT_REF_POPULATIONS] 7,000,000 rows fetched (1400 pages) ...
  [MT_REF_POPULATIONS] 7,500,000 rows fetched (1500 pages) ...
  [MT_REF_POPULATIONS] 8,000,000 rows fetched (1600 pages) ...
  [MT_REF_POPULATIONS] 8,500,000 rows fetched (1700 pages) ...
  [MT_REF_POPULATIONS] 9,000,000 rows fetched (1800 pages) ...
  [MT_REF_POPULATIONS] 9,500,000 rows fetched (1900 pages) ...
  [MT_REF_POPULATIONS] 10,000,000 rows fetched (2000 pages) ...
  [MT_REF_POPULATIONS] 10,500,000 rows fetched (2100 pages) ...
  [MT_REF_POPULATIONS] 11,000,000 rows fetched (2200 pages) ...
[wiise] [59/149] MT_REF_POPULATIONS -> downloaded | 11,047,764 rows | 221 chunks | 6687.4s
[wiise] [60/149] MT_REF_POPULATIONS_AGEGROUPS ...
  [MT_REF_POPULATIONS_AGEGROUPS] 500,000 rows fetched (100 pages) ...
[wiise] [60/149] MT_REF_POPULATIONS_AGEGROUPS -> downloaded | 973,090 rows | 20 chunks | 603.6s
[wiise] [61/149] MT_RI_IND_DIST_LONG ...
[wiise] [61/149] MT_RI_IND_DIST_LONG -> downloaded | 339,766 rows | 7 chunks | 229.2s
[wiise] [62/149] MT_RI_INTRO_DTP_BOOSTER ...
[wiise] [62/149] MT_RI_INTRO_DTP_BOOSTER -> downloaded | 1,358 rows | 1 chunks | 4.3s
[wiise] [63/149] REF_AD_DISEASES ...
[wiise] [63/149] REF_AD_DISEASES -> downloaded | 94 rows | 1 chunks | 3.2s
[wiise] [64/149] REF_AD_GENDERS ...
[wiise] [64/149] REF_AD_GENDERS -> downloaded | 8 rows | 1 chunks | 3.2s
[wiise] [65/149] REF_AD_INDICANSWERVALUES ...
[wiise] [65/149] REF_AD_INDICANSWERVALUES -> downloaded | 422 rows | 1 chunks | 3.3s
[wiise] [66/149] REF_AD_INDICATORCATS ...
[wiise] [66/149] REF_AD_INDICATORCATS -> downloaded | 22 rows | 1 chunks | 2.1s
[wiise] [67/149] REF_AD_INDICATORS ...
[wiise] [67/149] REF_AD_INDICATORS -> downloaded | 2,465 rows | 1 chunks | 4.9s
[wiise] [68/149] REF_AD_OUTCOMES ...
[wiise] [68/149] REF_AD_OUTCOMES -> downloaded | 4 rows | 1 chunks | 1.9s
[wiise] [69/149] REF_AD_VACCINE_PRESENTATION ...
[wiise] [69/149] REF_AD_VACCINE_PRESENTATION -> downloaded | 52 rows | 1 chunks | 2.5s
[wiise] [70/149] REF_AGEGROUPS ...
[wiise] [70/149] REF_AGEGROUPS -> downloaded | 314 rows | 1 chunks | 2.7s
[wiise] [71/149] REF_AREA_TYPES ...
[wiise] [71/149] REF_AREA_TYPES -> downloaded | 4 rows | 1 chunks | 2.6s
[wiise] [72/149] REF_CASE_CLASSIFICATIONS ...
[wiise] [72/149] REF_CASE_CLASSIFICATIONS -> downloaded | 8 rows | 1 chunks | 1.6s
[wiise] [73/149] REF_CASE_INFECTION_SOURCES ...
[wiise] [73/149] REF_CASE_INFECTION_SOURCES -> downloaded | 4 rows | 1 chunks | 2.9s
[wiise] [74/149] REF_COUNTRIES ...
[wiise] [74/149] REF_COUNTRIES -> downloaded | 267 rows | 1 chunks | 3.0s
[wiise] [75/149] REF_COUNTRY_GROUPINGS ...
[wiise] [75/149] REF_COUNTRY_GROUPINGS -> downloaded | 139 rows | 1 chunks | 2.1s
[wiise] [76/149] REF_COUNTRY_GROUPINGS_CATEGORY ...
[wiise] [76/149] REF_COUNTRY_GROUPINGS_CATEGORY -> downloaded | 28 rows | 1 chunks | 1.4s
[wiise] [77/149] REF_COVERAGE_CODES ...
[wiise] [77/149] REF_COVERAGE_CODES -> downloaded | 164 rows | 1 chunks | 1.3s
[wiise] [78/149] REF_COV_ANSWERVALUES ...
[wiise] [78/149] REF_COV_ANSWERVALUES -> downloaded | 63 rows | 1 chunks | 2.4s
[wiise] [79/149] REF_COV_DD_PROCURMENT_UTILIZATION ...
[wiise] [79/149] REF_COV_DD_PROCURMENT_UTILIZATION -> downloaded | 16 rows | 1 chunks | 0.0s
[wiise] [80/149] REF_COV_DD_SYSTEM_INDICATORS ...
[wiise] [80/149] REF_COV_DD_SYSTEM_INDICATORS -> downloaded | 37 rows | 1 chunks | 0.9s
[wiise] [81/149] REF_COV_DD_VACCINE_POLICY_AND_AVAILABILTY ...
[wiise] [81/149] REF_COV_DD_VACCINE_POLICY_AND_AVAILABILTY -> downloaded | 11 rows | 1 chunks | 2.9s
[wiise] [82/149] REF_COV_DD_VACCINE_UPTAKE_BY_AGE ...
[wiise] [82/149] REF_COV_DD_VACCINE_UPTAKE_BY_AGE -> downloaded | 18 rows | 1 chunks | 3.5s
[wiise] [83/149] REF_COV_DD_VACCINE_UPTAKE_BY_GENDER ...
[wiise] [83/149] REF_COV_DD_VACCINE_UPTAKE_BY_GENDER -> downloaded | 18 rows | 1 chunks | 9.6s
[wiise] [84/149] REF_COV_DD_VACCINE_UPTAKE_BY_MONTH ...
[wiise] [84/149] REF_COV_DD_VACCINE_UPTAKE_BY_MONTH -> downloaded | 19 rows | 1 chunks | 4.7s
[wiise] [85/149] REF_COV_DD_VACCINE_UPTAKE_BY_TARGET_GROUP ...
[wiise] [85/149] REF_COV_DD_VACCINE_UPTAKE_BY_TARGET_GROUP -> downloaded | 16 rows | 1 chunks | 1.6s
[wiise] [86/149] REF_COV_DD_VACCINE_UPTAKE_BY_VACCINE_PRODUCT ...
[wiise] [86/149] REF_COV_DD_VACCINE_UPTAKE_BY_VACCINE_PRODUCT -> downloaded | 19 rows | 1 chunks | 2.3s
[wiise] [87/149] REF_COV_INDICATORCATS ...
[wiise] [87/149] REF_COV_INDICATORCATS -> downloaded | 6 rows | 1 chunks | 2.1s
[wiise] [88/149] REF_COV_INDICATORS ...
[wiise] [88/149] REF_COV_INDICATORS -> downloaded | 178 rows | 1 chunks | 2.9s
[wiise] [89/149] REF_COV_MANUFACTURER ...
[wiise] [89/149] REF_COV_MANUFACTURER -> downloaded | 65 rows | 1 chunks | 2.9s
[wiise] [90/149] REF_COV_SOURCE ...
[wiise] [90/149] REF_COV_SOURCE -> downloaded | 6 rows | 1 chunks | 3.4s
[wiise] [91/149] REF_COV_VACCINES ...
[wiise] [91/149] REF_COV_VACCINES -> downloaded | 113 rows | 1 chunks | 1.3s
[wiise] [92/149] REF_CURRENCIES ...
[wiise] [92/149] REF_CURRENCIES -> downloaded | 162 rows | 1 chunks | 2.2s
[wiise] [93/149] REF_DOSES_RECEIVED ...
[wiise] [93/149] REF_DOSES_RECEIVED -> downloaded | 19 rows | 1 chunks | 2.5s
[wiise] [94/149] REF_GENDERS ...
[wiise] [94/149] REF_GENDERS -> downloaded | 5 rows | 1 chunks | 1.3s
[wiise] [95/149] REF_GEOGRAPHICEXTENTS ...
[wiise] [95/149] REF_GEOGRAPHICEXTENTS -> downloaded | 10 rows | 1 chunks | 2.1s
[wiise] [96/149] REF_INCOTERM ...
[wiise] [96/149] REF_INCOTERM -> downloaded | 18 rows | 1 chunks | 1.4s
[wiise] [97/149] REF_INTERVENTIONS ...
[wiise] [97/149] REF_INTERVENTIONS -> downloaded | 133 rows | 1 chunks | 2.6s
[wiise] [98/149] REF_LAB_TESTS ...
[wiise] [98/149] REF_LAB_TESTS -> downloaded | 7 rows | 1 chunks | 2.1s
[wiise] [99/149] REF_MANUFCTURER ...
[wiise] [99/149] REF_MANUFCTURER -> downloaded | 212 rows | 1 chunks | 2.4s
[wiise] [100/149] REF_MR_CASE_CLASSIFICATIONS ...
[wiise] [100/149] REF_MR_CASE_CLASSIFICATIONS -> downloaded | 13 rows | 1 chunks | 1.4s
[wiise] [101/149] REF_MR_CASE_OUTCOMES ...
[wiise] [101/149] REF_MR_CASE_OUTCOMES -> downloaded | 4 rows | 1 chunks | 1.6s
[wiise] [102/149] REF_MR_LAB_RESULTS ...
[wiise] [102/149] REF_MR_LAB_RESULTS -> downloaded | 10 rows | 1 chunks | 1.1s
[wiise] [103/149] REF_POPULATIONS ...
  [REF_POPULATIONS] 500,000 rows fetched (100 pages) ...
  [REF_POPULATIONS] 1,000,000 rows fetched (200 pages) ...
  [REF_POPULATIONS] 1,500,000 rows fetched (300 pages) ...
  [REF_POPULATIONS] 2,000,000 rows fetched (400 pages) ...
  [REF_POPULATIONS] 2,500,000 rows fetched (500 pages) ...
  [REF_POPULATIONS] 3,000,000 rows fetched (600 pages) ...
  [REF_POPULATIONS] 3,500,000 rows fetched (700 pages) ...
  [REF_POPULATIONS] 4,000,000 rows fetched (800 pages) ...
  [REF_POPULATIONS] 4,500,000 rows fetched (900 pages) ...
  [REF_POPULATIONS] 5,000,000 rows fetched (1000 pages) ...
  [REF_POPULATIONS] 5,500,000 rows fetched (1100 pages) ...
  [REF_POPULATIONS] 6,000,000 rows fetched (1200 pages) ...
  [REF_POPULATIONS] 6,500,000 rows fetched (1300 pages) ...
  [REF_POPULATIONS] 7,000,000 rows fetched (1400 pages) ...
  [REF_POPULATIONS] 7,500,000 rows fetched (1500 pages) ...
  [REF_POPULATIONS] 8,000,000 rows fetched (1600 pages) ...
  [REF_POPULATIONS] 8,500,000 rows fetched (1700 pages) ...
  [REF_POPULATIONS] 9,000,000 rows fetched (1800 pages) ...
  [REF_POPULATIONS] 9,500,000 rows fetched (1900 pages) ...
  [REF_POPULATIONS] 10,000,000 rows fetched (2000 pages) ...
  [REF_POPULATIONS] 10,500,000 rows fetched (2100 pages) ...
  [REF_POPULATIONS] 11,000,000 rows fetched (2200 pages) ...
  [REF_POPULATIONS] 11,500,000 rows fetched (2300 pages) ...
  [REF_POPULATIONS] 12,000,000 rows fetched (2400 pages) ...
  [REF_POPULATIONS] 12,500,000 rows fetched (2500 pages) ...
  [REF_POPULATIONS] 13,000,000 rows fetched (2600 pages) ...
  [REF_POPULATIONS] 13,500,000 rows fetched (2700 pages) ...
  [REF_POPULATIONS] 14,000,000 rows fetched (2800 pages) ...
  [REF_POPULATIONS] 14,500,000 rows fetched (2900 pages) ...
  [REF_POPULATIONS] 15,000,000 rows fetched (3000 pages) ...
