[xmart/wiise] 149 entity sets to process (scope=all)
[xmart/wiise] [1/149] AD_AEFI ...
[xmart/wiise] [1/149] AD_AEFI -> downloaded (12480 rows, 1 chunks)
[xmart/wiise] [2/149] AD_CAMPAIGNS_MR_SUSCEPT ...
[xmart/wiise] [2/149] AD_CAMPAIGNS_MR_SUSCEPT -> downloaded (80 rows, 1 chunks)
[xmart/wiise] [3/149] AD_COMMENTS ...
[xmart/wiise] [3/149] AD_COMMENTS -> downloaded (25389 rows, 1 chunks)
[xmart/wiise] [4/149] AD_COVERAGES ...
C:\Projects\who-data-lakehouse\src\who_data_lakehouse\sources\xmart.py:254: FutureWarning: The behavior of DataFrame concatenation with empty or all-NA entries is deprecated. In a future version, this will no longer exclude empty or all-NA columns when determining the result dtypes. To retain the old behavior, exclude the relevant entries before the concat operation.
  chunk = pd.concat(frames, ignore_index=True)
  [AD_COVERAGES] 500,000 rows fetched (100 pages) ...
  [AD_COVERAGES] 998,283 rows fetched (200 pages) ...
[xmart/wiise] [4/149] AD_COVERAGES -> downloaded (998283 rows, 20 chunks)
[xmart/wiise] [5/149] AD_COVERAGE_SURVEYS ...
[xmart/wiise] [5/149] AD_COVERAGE_SURVEYS -> downloaded (5346 rows, 1 chunks)
[xmart/wiise] [6/149] AD_DENOMINATORS ...
[xmart/wiise] [6/149] AD_DENOMINATORS -> downloaded (4789 rows, 1 chunks)
[xmart/wiise] [7/149] AD_GLOBAL_REGIONAL_COVERAGES ...
[xmart/wiise] [7/149] AD_GLOBAL_REGIONAL_COVERAGES -> downloaded (253143 rows, 6 chunks)
[xmart/wiise] [8/149] AD_HOME_BASE_RECORDS ...
[xmart/wiise] [8/149] AD_HOME_BASE_RECORDS -> downloaded (2003 rows, 1 chunks)
[xmart/wiise] [9/149] AD_HPVADMINS ...
[xmart/wiise] [9/149] AD_HPVADMINS -> downloaded (121708 rows, 3 chunks)
[xmart/wiise] [10/149] AD_INCIDENCES ...
[xmart/wiise] [10/149] AD_INCIDENCES -> ERROR: Expecting value: line 1 column 2 (char 1)
[xmart/wiise] [11/149] AD_INDICATORS ...
[xmart/wiise] [11/149] AD_INDICATORS -> ERROR: 400 Client Error: Bad Request for url: https://xmart-api-public.who.int/WIISE/AD_INDICATORS?%24top=5000&%24skip=355000
[xmart/wiise] [12/149] AD_MNTE ...
[xmart/wiise] [12/149] AD_MNTE -> ERROR: Expecting ',' delimiter: line 1 column 1766339 (char 1766338)
[xmart/wiise] [13/149] AD_OUTBREAKS ...
[xmart/wiise] [13/149] AD_OUTBREAKS -> ERROR: Expecting value: line 1 column 2 (char 1)
[xmart/wiise] [14/149] AD_OUTBREAKS_INFORMATION ...
[xmart/wiise] [14/149] AD_OUTBREAKS_INFORMATION -> downloaded (22941 rows, 1 chunks)
[xmart/wiise] [15/149] AD_OUTBREAKS_LAB ...
[xmart/wiise] [15/149] AD_OUTBREAKS_LAB -> downloaded (29016 rows, 1 chunks)
[xmart/wiise] [16/149] AD_SCHEDULES ...
[xmart/wiise] [16/149] AD_SCHEDULES -> downloaded (130742 rows, 3 chunks)
[xmart/wiise] [17/149] AD_SCHEDULES_OTHER ...
[xmart/wiise] [17/149] AD_SCHEDULES_OTHER -> downloaded (74 rows, 1 chunks)
[xmart/wiise] [18/149] AD_SCHOOL_ADMIN ...
[xmart/wiise] [18/149] AD_SCHOOL_ADMIN -> downloaded (2719 rows, 1 chunks)
[xmart/wiise] [19/149] AD_SCHOOL_ADMIN_HISTORY ...
[xmart/wiise] [19/149] AD_SCHOOL_ADMIN_HISTORY -> downloaded (3451 rows, 1 chunks)
[xmart/wiise] [20/149] AD_SIA_CONDUCTED ...
[xmart/wiise] [20/149] AD_SIA_CONDUCTED -> downloaded (1699 rows, 1 chunks)
[xmart/wiise] [21/149] AD_SIA_PLANNED ...
[xmart/wiise] [21/149] AD_SIA_PLANNED -> downloaded (819 rows, 1 chunks)
[xmart/wiise] [22/149] AD_SURVEYS_HISTORY ...
[xmart/wiise] [22/149] AD_SURVEYS_HISTORY -> downloaded (3474 rows, 1 chunks)
[xmart/wiise] [23/149] AD_SURVEYS_RESULTS ...
[xmart/wiise] [23/149] AD_SURVEYS_RESULTS -> downloaded (199802 rows, 4 chunks)
[xmart/wiise] [24/149] AD_SURV_INDICATORS ...
[xmart/wiise] [24/149] AD_SURV_INDICATORS -> downloaded (55341 rows, 2 chunks)
[xmart/wiise] [25/149] AD_SURV_LAB ...
[xmart/wiise] [25/149] AD_SURV_LAB -> downloaded (860 rows, 1 chunks)
[xmart/wiise] [26/149] AD_VACCINE_INTRODUCTIONS ...
[xmart/wiise] [26/149] AD_VACCINE_INTRODUCTIONS -> downloaded (45398 rows, 1 chunks)
[xmart/wiise] [27/149] COV_AFRO_RAW ...
[xmart/wiise] [27/149] COV_AFRO_RAW -> downloaded (8472 rows, 1 chunks)
[xmart/wiise] [28/149] COV_AFRO_TEMP ...
[xmart/wiise] [28/149] COV_AFRO_TEMP -> downloaded (32407 rows, 1 chunks)
[xmart/wiise] [29/149] COV_INDICATORS ...
[xmart/wiise] [29/149] COV_INDICATORS -> downloaded (162955 rows, 4 chunks)
[xmart/wiise] [30/149] COV_SEAR_DIS_RAW ...
[xmart/wiise] [30/149] COV_SEAR_DIS_RAW -> downloaded (65 rows, 1 chunks)
[xmart/wiise] [31/149] COV_SEAR_RAW ...
[xmart/wiise] [31/149] COV_SEAR_RAW -> downloaded (1136 rows, 1 chunks)
[xmart/wiise] [32/149] COV_TESSY_RAW_TEMP ...
[xmart/wiise] [32/149] COV_TESSY_RAW_TEMP -> downloaded (350807 rows, 8 chunks)
[xmart/wiise] [33/149] COV_UPTAKE ...
[xmart/wiise] [33/149] COV_UPTAKE -> downloaded (168610 rows, 4 chunks)
[xmart/wiise] [34/149] COV_UPTAKE_WEEKLY ...
[xmart/wiise] [34/149] COV_UPTAKE_WEEKLY -> downloaded (23279 rows, 1 chunks)
[xmart/wiise] [35/149] COV_UTILISATION ...
[xmart/wiise] [35/149] COV_UTILISATION -> downloaded (3900 rows, 1 chunks)
[xmart/wiise] [36/149] COV_VAC_DASH_IND ...
[xmart/wiise] [36/149] COV_VAC_DASH_IND -> downloaded (13403 rows, 1 chunks)
[xmart/wiise] [37/149] COV_VAC_DASH_UPTAKE ...
[xmart/wiise] [37/149] COV_VAC_DASH_UPTAKE -> downloaded (1402 rows, 1 chunks)
[xmart/wiise] [38/149] COV_VAC_MVP ...
[xmart/wiise] [38/149] COV_VAC_MVP -> downloaded (7608 rows, 1 chunks)
[xmart/wiise] [39/149] COV_VAC_MVP_INCOME ...
[xmart/wiise] [39/149] COV_VAC_MVP_INCOME -> downloaded (175 rows, 1 chunks)
[xmart/wiise] [40/149] COV_VAC_MVP_META ...
[xmart/wiise] [40/149] COV_VAC_MVP_META -> downloaded (0 rows, 0 chunks)
[xmart/wiise] [41/149] COV_VAC_MVP_PROD ...
[xmart/wiise] [41/149] COV_VAC_MVP_PROD -> downloaded (1105 rows, 1 chunks)
[xmart/wiise] [42/149] COV_VAC_MVP_REGION ...
[xmart/wiise] [42/149] COV_VAC_MVP_REGION -> downloaded (252 rows, 1 chunks)
[xmart/wiise] [43/149] COV_VDP_SUMMARY ...
[xmart/wiise] [43/149] COV_VDP_SUMMARY -> downloaded (12348 rows, 1 chunks)
[xmart/wiise] [44/149] COV_WPRO_RAW ...
[xmart/wiise] [44/149] COV_WPRO_RAW -> downloaded (53416 rows, 2 chunks)
[xmart/wiise] [45/149] MT_AD_COV_LONG ...
[xmart/wiise] [45/149] MT_AD_COV_LONG -> downloaded (412983 rows, 9 chunks)
[xmart/wiise] [46/149] MT_AD_COV_NATIONAL_LONG ...
[xmart/wiise] [46/149] MT_AD_COV_NATIONAL_LONG -> downloaded (394039 rows, 8 chunks)
[xmart/wiise] [47/149] MT_AD_INC_LONG ...
[xmart/wiise] [47/149] MT_AD_INC_LONG -> downloaded (96299 rows, 2 chunks)
[xmart/wiise] [48/149] MT_AD_INC_NATIONAL_LONG ...
[xmart/wiise] [48/149] MT_AD_INC_NATIONAL_LONG -> downloaded (93389 rows, 2 chunks)
[xmart/wiise] [49/149] MT_AD_INC_RATE_LONG ...
[xmart/wiise] [49/149] MT_AD_INC_RATE_LONG -> downloaded (96671 rows, 2 chunks)
[xmart/wiise] [50/149] MT_AD_IND_ALL_LONG ...
  [MT_AD_IND_ALL_LONG] 500,000 rows fetched (100 pages) ...
  [MT_AD_IND_ALL_LONG] 1,000,000 rows fetched (200 pages) ...
[xmart/wiise] [50/149] MT_AD_IND_ALL_LONG -> downloaded (1423757 rows, 29 chunks)
[xmart/wiise] [51/149] MT_AD_IND_LONG ...
  [MT_AD_IND_LONG] 500,000 rows fetched (100 pages) ...
[xmart/wiise] [51/149] MT_AD_IND_LONG -> downloaded (818949 rows, 17 chunks)
[xmart/wiise] [52/149] MT_AD_INTRO_AGG_LONG ...
[xmart/wiise] [52/149] MT_AD_INTRO_AGG_LONG -> downloaded (35138 rows, 1 chunks)
[xmart/wiise] [53/149] MT_AD_INTRO_LONG ...
[xmart/wiise] [53/149] MT_AD_INTRO_LONG -> downloaded (137945 rows, 3 chunks)
[xmart/wiise] [54/149] MT_AD_SCHEDULER ...
[xmart/wiise] [54/149] MT_AD_SCHEDULER -> downloaded (9064 rows, 1 chunks)
[xmart/wiise] [55/149] MT_COV_UPTAKE_AGEGROUP_LONG ...
[xmart/wiise] [55/149] MT_COV_UPTAKE_AGEGROUP_LONG -> downloaded (22607 rows, 1 chunks)
[xmart/wiise] [56/149] MT_COV_UPTAKE_TARGETGROUP_LONG ...
[xmart/wiise] [56/149] MT_COV_UPTAKE_TARGETGROUP_LONG -> downloaded (18446 rows, 1 chunks)
[xmart/wiise] [57/149] MT_LIST_COUNTRY_GROUPINGS ...
[xmart/wiise] [57/149] MT_LIST_COUNTRY_GROUPINGS -> downloaded (24 rows, 1 chunks)
[xmart/wiise] [58/149] MT_REF_INTERVENTIONS ...
[xmart/wiise] [58/149] MT_REF_INTERVENTIONS -> downloaded (125 rows, 1 chunks)
[xmart/wiise] [59/149] MT_REF_POPULATIONS ...
  [MT_REF_POPULATIONS] 500,000 rows fetched (100 pages) ...
  [MT_REF_POPULATIONS] 1,000,000 rows fetched (200 pages) ...
  [MT_REF_POPULATIONS] 1,500,000 rows fetched (300 pages) ...
  [MT_REF_POPULATIONS] 2,000,000 rows fetched (400 pages) ...
  [MT_REF_POPULATIONS] 2,500,000 rows fetched (500 pages) ...
  [MT_REF_POPULATIONS] 3,000,000 rows fetched (600 pages) ...
  [MT_REF_POPULATIONS] 3,500,000 rows fetched (700 pages) ...
  [MT_REF_POPULATIONS] 4,000,000 rows fetched (800 pages) ...
  [MT_REF_POPULATIONS] 4,500,000 rows fetched (900 pages) ...
  [MT_REF_POPULATIONS] 5,000,000 rows fetched (1000 pages) ...
  [MT_REF_POPULATIONS] 5,500,000 rows fetched (1100 pages) ...
  [MT_REF_POPULATIONS] 6,000,000 rows fetched (1200 pages) ...
  [MT_REF_POPULATIONS] 6,500,000 rows fetched (1300 pages) ...
  [MT_REF_POPULATIONS] 7,000,000 rows fetched (1400 pages) ...
  [MT_REF_POPULATIONS] 7,500,000 rows fetched (1500 pages) ...
  [MT_REF_POPULATIONS] 8,000,000 rows fetched (1600 pages) ...
  [MT_REF_POPULATIONS] 8,500,000 rows fetched (1700 pages) ...
  [MT_REF_POPULATIONS] 9,000,000 rows fetched (1800 pages) ...
  [MT_REF_POPULATIONS] 9,500,000 rows fetched (1900 pages) ...
  [MT_REF_POPULATIONS] 10,000,000 rows fetched (2000 pages) ...
  [MT_REF_POPULATIONS] 10,500,000 rows fetched (2100 pages) ...
  [MT_REF_POPULATIONS] 11,000,000 rows fetched (2200 pages) ...
[xmart/wiise] [59/149] MT_REF_POPULATIONS -> downloaded (11047764 rows, 221 chunks)
[xmart/wiise] [60/149] MT_REF_POPULATIONS_AGEGROUPS ...
  [MT_REF_POPULATIONS_AGEGROUPS] 500,000 rows fetched (100 pages) ...
[xmart/wiise] [60/149] MT_REF_POPULATIONS_AGEGROUPS -> downloaded (973090 rows, 20 chunks)
[xmart/wiise] [61/149] MT_RI_IND_DIST_LONG ...
[xmart/wiise] [61/149] MT_RI_IND_DIST_LONG -> downloaded (339766 rows, 7 chunks)
[xmart/wiise] [62/149] MT_RI_INTRO_DTP_BOOSTER ...
[xmart/wiise] [62/149] MT_RI_INTRO_DTP_BOOSTER -> downloaded (1358 rows, 1 chunks)
[xmart/wiise] [63/149] REF_AD_DISEASES ...
[xmart/wiise] [63/149] REF_AD_DISEASES -> downloaded (94 rows, 1 chunks)
[xmart/wiise] [64/149] REF_AD_GENDERS ...
[xmart/wiise] [64/149] REF_AD_GENDERS -> downloaded (8 rows, 1 chunks)
[xmart/wiise] [65/149] REF_AD_INDICANSWERVALUES ...
[xmart/wiise] [65/149] REF_AD_INDICANSWERVALUES -> downloaded (422 rows, 1 chunks)
[xmart/wiise] [66/149] REF_AD_INDICATORCATS ...
[xmart/wiise] [66/149] REF_AD_INDICATORCATS -> downloaded (22 rows, 1 chunks)
[xmart/wiise] [67/149] REF_AD_INDICATORS ...
[xmart/wiise] [67/149] REF_AD_INDICATORS -> downloaded (2465 rows, 1 chunks)
[xmart/wiise] [68/149] REF_AD_OUTCOMES ...
[xmart/wiise] [68/149] REF_AD_OUTCOMES -> downloaded (4 rows, 1 chunks)
[xmart/wiise] [69/149] REF_AD_VACCINE_PRESENTATION ...
[xmart/wiise] [69/149] REF_AD_VACCINE_PRESENTATION -> downloaded (52 rows, 1 chunks)
[xmart/wiise] [70/149] REF_AGEGROUPS ...
[xmart/wiise] [70/149] REF_AGEGROUPS -> downloaded (314 rows, 1 chunks)
[xmart/wiise] [71/149] REF_AREA_TYPES ...
[xmart/wiise] [71/149] REF_AREA_TYPES -> downloaded (4 rows, 1 chunks)
[xmart/wiise] [72/149] REF_CASE_CLASSIFICATIONS ...
[xmart/wiise] [72/149] REF_CASE_CLASSIFICATIONS -> downloaded (8 rows, 1 chunks)
[xmart/wiise] [73/149] REF_CASE_INFECTION_SOURCES ...
[xmart/wiise] [73/149] REF_CASE_INFECTION_SOURCES -> downloaded (4 rows, 1 chunks)
[xmart/wiise] [74/149] REF_COUNTRIES ...
[xmart/wiise] [74/149] REF_COUNTRIES -> downloaded (267 rows, 1 chunks)
[xmart/wiise] [75/149] REF_COUNTRY_GROUPINGS ...
[xmart/wiise] [75/149] REF_COUNTRY_GROUPINGS -> downloaded (139 rows, 1 chunks)
[xmart/wiise] [76/149] REF_COUNTRY_GROUPINGS_CATEGORY ...
[xmart/wiise] [76/149] REF_COUNTRY_GROUPINGS_CATEGORY -> downloaded (28 rows, 1 chunks)
[xmart/wiise] [77/149] REF_COVERAGE_CODES ...
[xmart/wiise] [77/149] REF_COVERAGE_CODES -> downloaded (164 rows, 1 chunks)
[xmart/wiise] [78/149] REF_COV_ANSWERVALUES ...
[xmart/wiise] [78/149] REF_COV_ANSWERVALUES -> downloaded (63 rows, 1 chunks)
[xmart/wiise] [79/149] REF_COV_DD_PROCURMENT_UTILIZATION ...
[xmart/wiise] [79/149] REF_COV_DD_PROCURMENT_UTILIZATION -> downloaded (16 rows, 1 chunks)
[xmart/wiise] [80/149] REF_COV_DD_SYSTEM_INDICATORS ...
[xmart/wiise] [80/149] REF_COV_DD_SYSTEM_INDICATORS -> downloaded (37 rows, 1 chunks)
[xmart/wiise] [81/149] REF_COV_DD_VACCINE_POLICY_AND_AVAILABILTY ...
[xmart/wiise] [81/149] REF_COV_DD_VACCINE_POLICY_AND_AVAILABILTY -> downloaded (11 rows, 1 chunks)
[xmart/wiise] [82/149] REF_COV_DD_VACCINE_UPTAKE_BY_AGE ...
[xmart/wiise] [82/149] REF_COV_DD_VACCINE_UPTAKE_BY_AGE -> downloaded (18 rows, 1 chunks)
[xmart/wiise] [83/149] REF_COV_DD_VACCINE_UPTAKE_BY_GENDER ...
[xmart/wiise] [83/149] REF_COV_DD_VACCINE_UPTAKE_BY_GENDER -> downloaded (18 rows, 1 chunks)
[xmart/wiise] [84/149] REF_COV_DD_VACCINE_UPTAKE_BY_MONTH ...
[xmart/wiise] [84/149] REF_COV_DD_VACCINE_UPTAKE_BY_MONTH -> downloaded (19 rows, 1 chunks)
[xmart/wiise] [85/149] REF_COV_DD_VACCINE_UPTAKE_BY_TARGET_GROUP ...
[xmart/wiise] [85/149] REF_COV_DD_VACCINE_UPTAKE_BY_TARGET_GROUP -> downloaded (16 rows, 1 chunks)
[xmart/wiise] [86/149] REF_COV_DD_VACCINE_UPTAKE_BY_VACCINE_PRODUCT ...
[xmart/wiise] [86/149] REF_COV_DD_VACCINE_UPTAKE_BY_VACCINE_PRODUCT -> downloaded (19 rows, 1 chunks)
[xmart/wiise] [87/149] REF_COV_INDICATORCATS ...
[xmart/wiise] [87/149] REF_COV_INDICATORCATS -> downloaded (6 rows, 1 chunks)
[xmart/wiise] [88/149] REF_COV_INDICATORS ...
[xmart/wiise] [88/149] REF_COV_INDICATORS -> downloaded (178 rows, 1 chunks)
[xmart/wiise] [89/149] REF_COV_MANUFACTURER ...
[xmart/wiise] [89/149] REF_COV_MANUFACTURER -> downloaded (65 rows, 1 chunks)
[xmart/wiise] [90/149] REF_COV_SOURCE ...
[xmart/wiise] [90/149] REF_COV_SOURCE -> downloaded (6 rows, 1 chunks)
[xmart/wiise] [91/149] REF_COV_VACCINES ...
[xmart/wiise] [91/149] REF_COV_VACCINES -> downloaded (113 rows, 1 chunks)
[xmart/wiise] [92/149] REF_CURRENCIES ...
[xmart/wiise] [92/149] REF_CURRENCIES -> downloaded (162 rows, 1 chunks)
[xmart/wiise] [93/149] REF_DOSES_RECEIVED ...
[xmart/wiise] [93/149] REF_DOSES_RECEIVED -> downloaded (19 rows, 1 chunks)
[xmart/wiise] [94/149] REF_GENDERS ...
[xmart/wiise] [94/149] REF_GENDERS -> downloaded (5 rows, 1 chunks)
[xmart/wiise] [95/149] REF_GEOGRAPHICEXTENTS ...
[xmart/wiise] [95/149] REF_GEOGRAPHICEXTENTS -> downloaded (10 rows, 1 chunks)
[xmart/wiise] [96/149] REF_INCOTERM ...
[xmart/wiise] [96/149] REF_INCOTERM -> downloaded (18 rows, 1 chunks)
[xmart/wiise] [97/149] REF_INTERVENTIONS ...
[xmart/wiise] [97/149] REF_INTERVENTIONS -> downloaded (133 rows, 1 chunks)
[xmart/wiise] [98/149] REF_LAB_TESTS ...
[xmart/wiise] [98/149] REF_LAB_TESTS -> downloaded (7 rows, 1 chunks)
[xmart/wiise] [99/149] REF_MANUFCTURER ...
[xmart/wiise] [99/149] REF_MANUFCTURER -> downloaded (212 rows, 1 chunks)
[xmart/wiise] [100/149] REF_MR_CASE_CLASSIFICATIONS ...
[xmart/wiise] [100/149] REF_MR_CASE_CLASSIFICATIONS -> downloaded (13 rows, 1 chunks)
[xmart/wiise] [101/149] REF_MR_CASE_OUTCOMES ...
[xmart/wiise] [101/149] REF_MR_CASE_OUTCOMES -> downloaded (4 rows, 1 chunks)
[xmart/wiise] [102/149] REF_MR_LAB_RESULTS ...
[xmart/wiise] [102/149] REF_MR_LAB_RESULTS -> downloaded (10 rows, 1 chunks)
[xmart/wiise] [103/149] REF_POPULATIONS ...
  [REF_POPULATIONS] 500,000 rows fetched (100 pages) ...
  [REF_POPULATIONS] 1,000,000 rows fetched (200 pages) ...
  [REF_POPULATIONS] 1,500,000 rows fetched (300 pages) ...
  [REF_POPULATIONS] 2,000,000 rows fetched (400 pages) ...
  [REF_POPULATIONS] 2,500,000 rows fetched (500 pages) ...
  [REF_POPULATIONS] 3,000,000 rows fetched (600 pages) ...
  [REF_POPULATIONS] 3,500,000 rows fetched (700 pages) ...
  [REF_POPULATIONS] 4,000,000 rows fetched (800 pages) ...
  [REF_POPULATIONS] 4,500,000 rows fetched (900 pages) ...
  [REF_POPULATIONS] 5,000,000 rows fetched (1000 pages) ...
  [REF_POPULATIONS] 5,500,000 rows fetched (1100 pages) ...
